#
# There is insufficient memory for the Java Runtime Environment to continue.
# Native memory allocation (mmap) failed to map 249561088 bytes for G1 virtual space
# Possible reasons:
#   The system is out of physical RAM or swap space
#   The process is running with CompressedOops enabled, and the Java Heap may be blocking the growth of the native heap
# Possible solutions:
#   Reduce memory load on the system
#   Increase physical memory or swap space
#   Check if swap backing store is full
#   Decrease Java heap size (-Xmx/-Xms)
#   Decrease number of Java threads
#   Decrease Java thread stack sizes (-Xss)
#   Set larger code cache with -XX:ReservedCodeCacheSize=
#   JVM is running with Unscaled Compressed Oops mode in which the Java heap is
#     placed in the first 4GB address space. The Java Heap base address is the
#     maximum limit for the native heap growth. Please use -XX:HeapBaseMinAddress
#     to set the Java Heap base and to place the Java Heap above 4GB virtual address.
# This output file may be truncated or incomplete.
#
#  Out of Memory Error (os_windows.cpp:3535), pid=21012, tid=18848
#
# JRE version:  (17.0.3+6) (build )
# Java VM: OpenJDK 64-Bit Server VM (17.0.3+6-LTS, mixed mode, sharing, tiered, compressed oops, compressed class ptrs, g1 gc, windows-amd64)
# No core dump will be written. Minidumps are not enabled by default on client versions of Windows
#

---------------  S U M M A R Y ------------

Command Line: -Dorg.gradle.internal.worker.tmpdir=C:\Users\Han\Desktop\programming\Jeju_Project\Team_poject\server\build\tmp\test\work -Dorg.gradle.native=false -Xmx512m -Dfile.encoding=UTF-8 -Duser.country=KR -Duser.language=ko -Duser.variant -ea worker.org.gradle.process.internal.worker.GradleWorkerMain 'Gradle Test Executor 7'

Host: AMD Ryzen 5 5600U with Radeon Graphics         , 12 cores, 14G,  Windows 11 , 64 bit Build 22621 (10.0.22621.1635)
Time: Thu Jun  8 14:33:53 2023  Windows 11 , 64 bit Build 22621 (10.0.22621.1635) elapsed time: 0.033586 seconds (0d 0h 0m 0s)

---------------  T H R E A D  ---------------

Current thread (0x000001fa840f7860):  JavaThread "Unknown thread" [_thread_in_vm, id=18848, stack(0x0000001d32000000,0x0000001d32100000)]

Stack: [0x0000001d32000000,0x0000001d32100000]
Native frames: (J=compiled Java code, j=interpreted, Vv=VM code, C=native code)
V  [jvm.dll+0x645e5a]
V  [jvm.dll+0x7f6fc4]
V  [jvm.dll+0x7f877e]
V  [jvm.dll+0x7f8dd3]
V  [jvm.dll+0x234bb8]
V  [jvm.dll+0x642d9a]
V  [jvm.dll+0x637762]
V  [jvm.dll+0x2f2d09]
V  [jvm.dll+0x2f9ee6]
V  [jvm.dll+0x3459ea]
V  [jvm.dll+0x345c2f]
V  [jvm.dll+0x2c91a8]
V  [jvm.dll+0x2ca139]
V  [jvm.dll+0x7ca6e1]
V  [jvm.dll+0x352e01]
V  [jvm.dll+0x7aab0e]
V  [jvm.dll+0x3ce743]
V  [jvm.dll+0x3d0181]
C  [jli.dll+0x51af]
C  [ucrtbase.dll+0x29363]
C  [KERNEL32.DLL+0x126ad]
C  [ntdll.dll+0x5a9f8]


---------------  P R O C E S S  ---------------

Threads class SMR info:
_java_thread_list=0x00007ff8e254d718, length=0, elements={
}

Java Threads: ( => current thread )

Other Threads:
  0x000001fa841257f0 GCTaskThread "GC Thread#0" [stack: 0x0000001d32100000,0x0000001d32200000] [id=17536]
  0x000001fa8412a730 ConcurrentGCThread "G1 Main Marker" [stack: 0x0000001d32200000,0x0000001d32300000] [id=12200]
  0x000001fa8412c6b0 ConcurrentGCThread "G1 Conc#0" [stack: 0x0000001d32300000,0x0000001d32400000] [id=23588]

[error occurred during error reporting (printing all threads), id 0xc0000005, EXCEPTION_ACCESS_VIOLATION (0xc0000005) at pc=0x00007ff8e1d3a397]

VM state: not at safepoint (not fully initialized)

VM Mutex/Monitor currently owned by a thread:  ([mutex/lock_event])
[0x000001fa840f2850] Heap_lock - owner thread: 0x000001fa840f7860

Heap address: 0x00000000e0000000, size: 512 MB, Compressed Oops mode: 32-bit

CDS archive(s) mapped at: [0x0000000000000000-0x0000000000000000-0x0000000000000000), size 0, SharedBaseAddress: 0x0000000800000000, ArchiveRelocationMode: 0.
Narrow klass base: 0x0000000000000000, Narrow klass shift: 0, Narrow klass range: 0x0

GC Precious Log:
<Empty>

Heap:
 garbage-first heap   total 0K, used 0K [0x00000000e0000000, 0x0000000100000000)
  region size 1024K, 0 young (0K), 0 survivors (0K)

[error occurred during error reporting (printing heap information), id 0xc0000005, EXCEPTION_ACCESS_VIOLATION (0xc0000005) at pc=0x00007ff8e20fd929]

GC Heap History (0 events):
No events

Deoptimization events (0 events):
No events

Classes unloaded (0 events):
No events

Classes redefined (0 events):
No events

Internal exceptions (0 events):
No events

VM Operations (0 events):
No events

Events (1 events):
Event: 0.022 Loaded shared library C:\Users\Han\.jdks\corretto-17.0.3\bin\java.dll


Dynamic libraries:
0x00007ff7c90a0000 - 0x00007ff7c90ad000 	C:\Users\Han\.jdks\corretto-17.0.3\bin\java.exe
0x00007ff90a5f0000 - 0x00007ff90a804000 	C:\WINDOWS\SYSTEM32\ntdll.dll
0x00007ff9098d0000 - 0x00007ff909992000 	C:\WINDOWS\System32\KERNEL32.DLL
0x00007ff907dc0000 - 0x00007ff908163000 	C:\WINDOWS\System32\KERNELBASE.dll
0x00007ff907ca0000 - 0x00007ff907db1000 	C:\WINDOWS\System32\ucrtbase.dll
0x00007ff8f6b80000 - 0x00007ff8f6b95000 	C:\Users\Han\.jdks\corretto-17.0.3\bin\VCRUNTIME140.dll
0x00007ff901870000 - 0x00007ff901888000 	C:\Users\Han\.jdks\corretto-17.0.3\bin\jli.dll
0x00007ff9091c0000 - 0x00007ff90936b000 	C:\WINDOWS\System32\USER32.dll
0x00007ff907b30000 - 0x00007ff907b56000 	C:\WINDOWS\System32\win32u.dll
0x00007ff908ed0000 - 0x00007ff908ef9000 	C:\WINDOWS\System32\GDI32.dll
0x00007ff907a10000 - 0x00007ff907b28000 	C:\WINDOWS\System32\gdi32full.dll
0x00007ff8edb40000 - 0x00007ff8eddce000 	C:\WINDOWS\WinSxS\amd64_microsoft.windows.common-controls_6595b64144ccf1df_6.0.22621.1635_none_270f70857386168e\COMCTL32.dll
0x00007ff9081e0000 - 0x00007ff90827a000 	C:\WINDOWS\System32\msvcp_win.dll
0x00007ff9099a0000 - 0x00007ff909a47000 	C:\WINDOWS\System32\msvcrt.dll
0x00007ff909c40000 - 0x00007ff909c71000 	C:\WINDOWS\System32\IMM32.DLL
0x00007ff8e5130000 - 0x00007ff8e51cb000 	C:\Users\Han\.jdks\corretto-17.0.3\bin\msvcp140.dll
0x00007ff8e1a60000 - 0x00007ff8e267b000 	C:\Users\Han\.jdks\corretto-17.0.3\bin\server\jvm.dll
0x00007ff909810000 - 0x00007ff9098be000 	C:\WINDOWS\System32\ADVAPI32.dll
0x00007ff908f50000 - 0x00007ff908ff4000 	C:\WINDOWS\System32\sechost.dll
0x00007ff90a010000 - 0x00007ff90a127000 	C:\WINDOWS\System32\RPCRT4.dll
0x00007ff9098c0000 - 0x00007ff9098c8000 	C:\WINDOWS\System32\PSAPI.DLL
0x00007ff8db640000 - 0x00007ff8db649000 	C:\WINDOWS\SYSTEM32\WSOCK32.dll
0x00007ff8fd480000 - 0x00007ff8fd48a000 	C:\WINDOWS\SYSTEM32\VERSION.dll
0x00007ff900750000 - 0x00007ff900784000 	C:\WINDOWS\SYSTEM32\WINMM.dll
0x00007ff909ce0000 - 0x00007ff909d51000 	C:\WINDOWS\System32\WS2_32.dll
0x00007ff906a20000 - 0x00007ff906a38000 	C:\WINDOWS\SYSTEM32\kernel.appcore.dll
0x00007ff901860000 - 0x00007ff90186a000 	C:\Users\Han\.jdks\corretto-17.0.3\bin\jimage.dll
0x00007ff9054c0000 - 0x00007ff9056ee000 	C:\WINDOWS\SYSTEM32\DBGHELP.DLL
0x00007ff909370000 - 0x00007ff9096f9000 	C:\WINDOWS\System32\combase.dll
0x00007ff909e80000 - 0x00007ff909f57000 	C:\WINDOWS\System32\OLEAUT32.dll
0x00007ff8f45c0000 - 0x00007ff8f45f2000 	C:\WINDOWS\SYSTEM32\dbgcore.DLL
0x00007ff907c20000 - 0x00007ff907c9b000 	C:\WINDOWS\System32\bcryptPrimitives.dll
0x00007ff8f64f0000 - 0x00007ff8f6515000 	C:\Users\Han\.jdks\corretto-17.0.3\bin\java.dll

dbghelp: loaded successfully - version: 4.0.5 - missing functions: none
symbol engine: initialized successfully - sym options: 0x614 - pdb path: .;C:\Users\Han\.jdks\corretto-17.0.3\bin;C:\WINDOWS\SYSTEM32;C:\WINDOWS\WinSxS\amd64_microsoft.windows.common-controls_6595b64144ccf1df_6.0.22621.1635_none_270f70857386168e;C:\Users\Han\.jdks\corretto-17.0.3\bin\server

VM Arguments:
jvm_args: -Dorg.gradle.internal.worker.tmpdir=C:\Users\Han\Desktop\programming\Jeju_Project\Team_poject\server\build\tmp\test\work -Dorg.gradle.native=false -Xmx512m -Dfile.encoding=UTF-8 -Duser.country=KR -Duser.language=ko -Duser.variant -ea 
java_command: worker.org.gradle.process.internal.worker.GradleWorkerMain 'Gradle Test Executor 7'
java_class_path (initial): C:\\Users\\Han\\.gradle\\caches\\7.6.1\\workerMain\\gradle-worker.jar;C:\\Users\\Han\\Desktop\\programming\\Jeju_Project\\Team_poject\\server\\build\\classes\\java\\test;C:\\Users\\Han\\Desktop\\programming\\Jeju_Project\\Team_poject\\server\\build\\classes\\java\\main;C:\\Users\\Han\\Desktop\\programming\\Jeju_Project\\Team_poject\\server\\build\\resources\\main;C:\\Users\\Han\\.gradle\\caches\\modules-2\\files-2.1\\org.springframework.boot\\spring-boot-starter-data-jpa\\2.7.10\\cb5e326fa1d1c4dfc276a9620e539a01ddf3d4e\\spring-boot-starter-data-jpa-2.7.10.jar;C:\\Users\\Han\\.gradle\\caches\\modules-2\\files-2.1\\org.springframework.boot\\spring-boot-starter-security\\2.7.10\\ddac298c54e476d4144639d238a70610fbbfa4e7\\spring-boot-starter-security-2.7.10.jar;C:\\Users\\Han\\.gradle\\caches\\modules-2\\files-2.1\\org.springframework.boot\\spring-boot-starter-validation\\2.7.10\\47fa170ac03f88ed4a540628cfb1f85384cccefd\\spring-boot-starter-validation-2.7.10.jar;C:\\Users\\Han\\.gradle\\caches\\modules-2\\files-2.1\\org.springframework.boot\\spring-boot-starter-websocket\\2.7.10\\d3eb6d92cf5748073399eb4161054e1063ad2a99\\spring-boot-starter-websocket-2.7.10.jar;C:\\Users\\Han\\.gradle\\caches\\modules-2\\files-2.1\\org.springframework.boot\\spring-boot-starter-web\\2.7.10\\aff75a41f298e83ad9542d8f26b12bbe8e105c35\\spring-boot-starter-web-2.7.10.jar;C:\\Users\\Han\\.gradle\\caches\\modules-2\\files-2.1\\com.github.gavlyukovskiy\\p6spy-spring-boot-starter\\1.5.7\\1c1cc817d2ee7cfe8a511bb1b429254d05f7ad03\\p6spy-spring-boot-starter-1.5.7.jar;C:\\Users\\Han\\.gradle\\caches\\modules-2\\files-2.1\\org.springframework.boot\\spring-boot-starter-thymeleaf\\2.7.10\\9e89540a3cc362ddd6b1dd5240b79b1c4de63da4\\spring-boot-starter-thymeleaf-2.7.10.jar;C:\\Users\\Han\\.gradle\\caches\\modules-2\\files-2.1\\org.springframework.boot\\spring-boot-starter-oauth2-client\\2.7.10\\77f84a5136cdcdeacf9a8eb97fc8997ef8b8329a\\spring-boot-starter-oauth2-client-2.7.10.ja
Launcher Type: SUN_STANDARD

[Global flags]
     intx CICompilerCount                          = 4                                         {product} {ergonomic}
     uint ConcGCThreads                            = 3                                         {product} {ergonomic}
     uint G1ConcRefinementThreads                  = 10                                        {product} {ergonomic}
   size_t G1HeapRegionSize                         = 1048576                                   {product} {ergonomic}
    uintx GCDrainStackTargetSize                   = 64                                        {product} {ergonomic}
   size_t InitialHeapSize                          = 249561088                                 {product} {ergonomic}
   size_t MarkStackSize                            = 4194304                                   {product} {ergonomic}
   size_t MaxHeapSize                              = 536870912                                 {product} {command line}
   size_t MinHeapDeltaBytes                        = 1048576                                   {product} {ergonomic}
   size_t MinHeapSize                              = 8388608                                   {product} {ergonomic}
    uintx NonNMethodCodeHeapSize                   = 5839372                                {pd product} {ergonomic}
    uintx NonProfiledCodeHeapSize                  = 122909434                              {pd product} {ergonomic}
    uintx ProfiledCodeHeapSize                     = 122909434                              {pd product} {ergonomic}
    uintx ReservedCodeCacheSize                    = 251658240                              {pd product} {ergonomic}
     bool SegmentedCodeCache                       = true                                      {product} {ergonomic}
   size_t SoftMaxHeapSize                          = 536870912                              {manageable} {ergonomic}
     bool UseCompressedClassPointers               = true                           {product lp64_product} {ergonomic}
     bool UseCompressedOops                        = true                           {product lp64_product} {ergonomic}
     bool UseG1GC                                  = true                                      {product} {ergonomic}
     bool UseLargePagesIndividualAllocation        = false                                  {pd product} {ergonomic}

Logging:
Log output configuration:
 #0: stdout all=warning uptime,level,tags
 #1: stderr all=off uptime,level,tags

Environment Variables:
JAVA_HOME=C:\Program Files\Zulu\zulu-11
CLASSPATH=C:\Program Files\Zulu\zulu-11\lib
PATH=C:\Program Files\Zulu\zulu-11\bin\;C:\Program Files (x86)\Common Files\Oracle\Java\javapath;C:\WINDOWS\system32;C:\WINDOWS;C:\WINDOWS\System32\Wbem;C:\WINDOWS\System32\WindowsPowerShell\v1.0\;C:\WINDOWS\System32\OpenSSH\;C:\Program Files\MySQL\MySQL Server 8.0\bin;C:\Program Files\Git\cmd;C:\Program Files\Zulu\zulu-11\bin;C:\Users\Han\AppData\Roaming\nvm;C:\Program Files\nodejs;C:\Program Files\Docker\Docker\resources\bin;C:\Program Files\MySQL\MySQL Shell 8.0\bin\;C:\Users\Han\anaconda3;C:\Users\Han\anaconda3\Library\mingw-w64\bin;C:\Users\Han\anaconda3\Library\usr\bin;C:\Users\Han\anaconda3\Library\bin;C:\Users\Han\anaconda3\Scripts;C:\Users\Han\AppData\Local\Programs\Python\Python310\Scripts\;C:\Users\Han\AppData\Local\Programs\Python\Python310\;C:\Users\Han\AppData\Local\Microsoft\WindowsApps;C:\Users\Han\AppData\Local\Programs\Microsoft VS Code\bin;C:\Program Files\JetBrains\IntelliJ IDEA Community Edition 2021.3.3\bin;C:\Users\Han\AppData\Local\JetBrains\Toolbox\scripts;C:\Users\Han\AppData\Roaming\npm;C:\Users\Han\AppData\Roaming\nvm;C:\Program Files\nodejs;C:\Users\Han\AppData\Local\Microsoft\WindowsApps;
USERNAME=Han
OS=Windows_NT
PROCESSOR_IDENTIFIER=AMD64 Family 25 Model 80 Stepping 0, AuthenticAMD



---------------  S Y S T E M  ---------------

OS:
 Windows 11 , 64 bit Build 22621 (10.0.22621.1635)
OS uptime: 1 days 0:34 hours
Hyper-V role detected

CPU: total 12 (initial active 12) (12 cores per cpu, 2 threads per core) family 25 model 80 stepping 0 microcode 0x0, cx8, cmov, fxsr, ht, mmx, 3dnowpref, sse, sse2, sse3, ssse3, sse4a, sse4.1, sse4.2, popcnt, lzcnt, tsc, tscinvbit, avx, avx2, aes, erms, clmul, bmi1, bmi2, adx, sha, fma, vzeroupper, clflush, clflushopt, hv

Memory: 4k page, system-wide physical 15182M (3295M free)
TotalPageFile size 17975M (AvailPageFile size 137M)
current process WorkingSet (physical memory assigned to process): 11M, peak: 11M
current process commit charge ("private bytes"): 63M, peak: 301M

vm_info: OpenJDK 64-Bit Server VM (17.0.3+6-LTS) for windows-amd64 JRE (17.0.3+6-LTS), built on Apr 15 2022 22:16:02 by "Administrator" with MS VC++ 15.9 (VS2017)

END.
