#
# There is insufficient memory for the Java Runtime Environment to continue.
# Native memory allocation (malloc) failed to allocate 1048576 bytes for AllocateHeap
# Possible reasons:
#   The system is out of physical RAM or swap space
#   The process is running with CompressedOops enabled, and the Java Heap may be blocking the growth of the native heap
# Possible solutions:
#   Reduce memory load on the system
#   Increase physical memory or swap space
#   Check if swap backing store is full
#   Decrease Java heap size (-Xmx/-Xms)
#   Decrease number of Java threads
#   Decrease Java thread stack sizes (-Xss)
#   Set larger code cache with -XX:ReservedCodeCacheSize=
#   JVM is running with Unscaled Compressed Oops mode in which the Java heap is
#     placed in the first 4GB address space. The Java Heap base address is the
#     maximum limit for the native heap growth. Please use -XX:HeapBaseMinAddress
#     to set the Java Heap base and to place the Java Heap above 4GB virtual address.
# This output file may be truncated or incomplete.
#
#  Out of Memory Error (allocation.cpp:44), pid=4284, tid=28484
#
# JRE version:  (17.0.3+6) (build )
# Java VM: OpenJDK 64-Bit Server VM (17.0.3+6-LTS, mixed mode, sharing, tiered, compressed oops, compressed class ptrs, g1 gc, windows-amd64)
# No core dump will be written. Minidumps are not enabled by default on client versions of Windows
#

---------------  S U M M A R Y ------------

Command Line: -Dfile.encoding=UTF-8 -Duser.country=KR -Duser.language=ko -Duser.variant jeju.oneroom.OneroomApplication

Host: AMD Ryzen 5 5600U with Radeon Graphics         , 12 cores, 14G,  Windows 11 , 64 bit Build 22621 (10.0.22621.1485)
Time: Tue Apr 25 14:51:53 2023  Windows 11 , 64 bit Build 22621 (10.0.22621.1485) elapsed time: 0.015747 seconds (0d 0h 0m 0s)

---------------  T H R E A D  ---------------

Current thread (0x0000022784bc7820):  JavaThread "Unknown thread" [_thread_in_vm, id=28484, stack(0x0000006ffa400000,0x0000006ffa500000)]

Stack: [0x0000006ffa400000,0x0000006ffa500000]
Native frames: (J=compiled Java code, j=interpreted, Vv=VM code, C=native code)
V  [jvm.dll+0x645e5a]
V  [jvm.dll+0x7f6fc4]
V  [jvm.dll+0x7f877e]
V  [jvm.dll+0x7f8dd3]
V  [jvm.dll+0x234bb8]
V  [jvm.dll+0xb7573]
V  [jvm.dll+0x2c5084]
V  [jvm.dll+0x7ca6ac]
V  [jvm.dll+0x352e01]
V  [jvm.dll+0x7aab0e]
V  [jvm.dll+0x3ce743]
V  [jvm.dll+0x3d0181]
C  [jli.dll+0x51af]
C  [ucrtbase.dll+0x29363]
C  [KERNEL32.DLL+0x1269d]
C  [ntdll.dll+0x5a9f8]


---------------  P R O C E S S  ---------------

Threads class SMR info:
_java_thread_list=0x00007ff8252cd718, length=0, elements={
}

Java Threads: ( => current thread )

Other Threads:

=>0x0000022784bc7820 (exited) JavaThread "Unknown thread" [_thread_in_vm, id=28484, stack(0x0000006ffa400000,0x0000006ffa500000)]

Threads with active compile tasks:

VM state: not at safepoint (not fully initialized)

VM Mutex/Monitor currently owned by a thread: None

Heap address: 0x0000000000000000, size: 0 MB, Compressed Oops mode: 32-bit

CDS archive(s) mapped at: [0x0000000000000000-0x0000000000000000-0x0000000000000000), size 0, SharedBaseAddress: 0x0000000800000000, ArchiveRelocationMode: 0.
Narrow klass base: 0x0000000000000000, Narrow klass shift: 0, Narrow klass range: 0x0

GC Precious Log:
<Empty>

GC Heap History (0 events):
No events

Deoptimization events (0 events):
No events

Classes unloaded (0 events):
No events

Classes redefined (0 events):
No events

Internal exceptions (0 events):
No events

VM Operations (0 events):
No events

Events (1 events):
Event: 0.011 Loaded shared library C:\Users\Han\.jdks\corretto-17.0.3\bin\java.dll


Dynamic libraries:
0x00007ff670f70000 - 0x00007ff670f7d000 	C:\Users\Han\.jdks\corretto-17.0.3\bin\java.exe
0x00007ff8b59b0000 - 0x00007ff8b5bc4000 	C:\WINDOWS\SYSTEM32\ntdll.dll
0x00007ff8b4ab0000 - 0x00007ff8b4b72000 	C:\WINDOWS\System32\KERNEL32.DLL
0x00007ff8b3420000 - 0x00007ff8b37bc000 	C:\WINDOWS\System32\KERNELBASE.dll
0x00007ff8b31e0000 - 0x00007ff8b32f1000 	C:\WINDOWS\System32\ucrtbase.dll
0x00007ff8a23f0000 - 0x00007ff8a2408000 	C:\Users\Han\.jdks\corretto-17.0.3\bin\jli.dll
0x00007ff8a96b0000 - 0x00007ff8a96c5000 	C:\Users\Han\.jdks\corretto-17.0.3\bin\VCRUNTIME140.dll
0x00007ff8b3980000 - 0x00007ff8b3b2b000 	C:\WINDOWS\System32\USER32.dll
0x00007ff8b31b0000 - 0x00007ff8b31d6000 	C:\WINDOWS\System32\win32u.dll
0x00007ff8b49c0000 - 0x00007ff8b49e9000 	C:\WINDOWS\System32\GDI32.dll
0x00007ff8984a0000 - 0x00007ff89872e000 	C:\WINDOWS\WinSxS\amd64_microsoft.windows.common-controls_6595b64144ccf1df_6.0.22621.608_none_a9444ca7c10bb01d\COMCTL32.dll
0x00007ff8b3300000 - 0x00007ff8b3413000 	C:\WINDOWS\System32\gdi32full.dll
0x00007ff8b5840000 - 0x00007ff8b58e7000 	C:\WINDOWS\System32\msvcrt.dll
0x00007ff8b2eb0000 - 0x00007ff8b2f4a000 	C:\WINDOWS\System32\msvcp_win.dll
0x00007ff8b4d50000 - 0x00007ff8b4d81000 	C:\WINDOWS\System32\IMM32.DLL
0x00007ff88d410000 - 0x00007ff88d4ab000 	C:\Users\Han\.jdks\corretto-17.0.3\bin\msvcp140.dll
0x00007ff8247e0000 - 0x00007ff8253fb000 	C:\Users\Han\.jdks\corretto-17.0.3\bin\server\jvm.dll
0x00007ff8b41c0000 - 0x00007ff8b426e000 	C:\WINDOWS\System32\ADVAPI32.dll
0x00007ff8b3fd0000 - 0x00007ff8b4074000 	C:\WINDOWS\System32\sechost.dll
0x00007ff8b5720000 - 0x00007ff8b5837000 	C:\WINDOWS\System32\RPCRT4.dll
0x00007ff8b47f0000 - 0x00007ff8b47f8000 	C:\WINDOWS\System32\PSAPI.DLL
0x00007ff85ea90000 - 0x00007ff85ea99000 	C:\WINDOWS\SYSTEM32\WSOCK32.dll
0x00007ff8ab7b0000 - 0x00007ff8ab7e4000 	C:\WINDOWS\SYSTEM32\WINMM.dll
0x00007ff8b37c0000 - 0x00007ff8b3831000 	C:\WINDOWS\System32\WS2_32.dll
0x00007ff8a7c00000 - 0x00007ff8a7c0a000 	C:\WINDOWS\SYSTEM32\VERSION.dll
0x00007ff8b1db0000 - 0x00007ff8b1dc8000 	C:\WINDOWS\SYSTEM32\kernel.appcore.dll
0x00007ff8af610000 - 0x00007ff8af61a000 	C:\Users\Han\.jdks\corretto-17.0.3\bin\jimage.dll
0x00007ff8b08b0000 - 0x00007ff8b0ade000 	C:\WINDOWS\SYSTEM32\DBGHELP.DLL
0x00007ff8b3b30000 - 0x00007ff8b3eb9000 	C:\WINDOWS\System32\combase.dll
0x00007ff8b3840000 - 0x00007ff8b3917000 	C:\WINDOWS\System32\OLEAUT32.dll
0x00007ff89eb30000 - 0x00007ff89eb62000 	C:\WINDOWS\SYSTEM32\dbgcore.DLL
0x00007ff8b3130000 - 0x00007ff8b31ab000 	C:\WINDOWS\System32\bcryptPrimitives.dll
0x00007ff890070000 - 0x00007ff890095000 	C:\Users\Han\.jdks\corretto-17.0.3\bin\java.dll

dbghelp: loaded successfully - version: 4.0.5 - missing functions: none
symbol engine: initialized successfully - sym options: 0x614 - pdb path: .;C:\Users\Han\.jdks\corretto-17.0.3\bin;C:\WINDOWS\SYSTEM32;C:\WINDOWS\WinSxS\amd64_microsoft.windows.common-controls_6595b64144ccf1df_6.0.22621.608_none_a9444ca7c10bb01d;C:\Users\Han\.jdks\corretto-17.0.3\bin\server

VM Arguments:
jvm_args: -Dfile.encoding=UTF-8 -Duser.country=KR -Duser.language=ko -Duser.variant 
java_command: jeju.oneroom.OneroomApplication
java_class_path (initial): C:\Users\Han\Desktop\programming\Jeju_Project\Team_poject\server\build\classes\java\main;C:\Users\Han\Desktop\programming\Jeju_Project\Team_poject\server\build\resources\main;C:\Users\Han\.gradle\caches\modules-2\files-2.1\org.springframework.boot\spring-boot-starter-data-jpa\2.7.10\cb5e326fa1d1c4dfc276a9620e539a01ddf3d4e\spring-boot-starter-data-jpa-2.7.10.jar;C:\Users\Han\.gradle\caches\modules-2\files-2.1\org.springframework.boot\spring-boot-starter-validation\2.7.10\47fa170ac03f88ed4a540628cfb1f85384cccefd\spring-boot-starter-validation-2.7.10.jar;C:\Users\Han\.gradle\caches\modules-2\files-2.1\org.springframework.boot\spring-boot-starter-web\2.7.10\aff75a41f298e83ad9542d8f26b12bbe8e105c35\spring-boot-starter-web-2.7.10.jar;C:\Users\Han\.gradle\caches\modules-2\files-2.1\com.github.gavlyukovskiy\p6spy-spring-boot-starter\1.5.7\1c1cc817d2ee7cfe8a511bb1b429254d05f7ad03\p6spy-spring-boot-starter-1.5.7.jar;C:\Users\Han\.gradle\caches\modules-2\files-2.1\org.mapstruct\mapstruct\1.5.1.Final\7594423c07ce57b7e649e926c455208854f68322\mapstruct-1.5.1.Final.jar;C:\Users\Han\.gradle\caches\modules-2\files-2.1\org.projectlombok\lombok-mapstruct-binding\0.2.0\2f1cf9ced7b720ba4996c942b816669e63f0fa4f\lombok-mapstruct-binding-0.2.0.jar;C:\Users\Han\.gradle\caches\modules-2\files-2.1\org.projectlombok\lombok\1.18.24\13a394eed5c4f9efb2a6d956e2086f1d81e857d9\lombok-1.18.24.jar;C:\Users\Han\.gradle\caches\modules-2\files-2.1\com.h2database\h2\2.1.214\d5c2005c9e3279201e12d4776c948578b16bf8b2\h2-2.1.214.jar;C:\Users\Han\.gradle\caches\modules-2\files-2.1\org.springframework.boot\spring-boot-starter-aop\2.7.10\a2c1fb64ece19aeee431a98bdd9fc43f83fbeda9\spring-boot-starter-aop-2.7.10.jar;C:\Users\Han\.gradle\caches\modules-2\files-2.1\org.springframework.boot\spring-boot-starter-jdbc\2.7.10\2ecdd15d885abe4d68dfbeb9dde4864b78fb4509\spring-boot-starter-jdbc-2.7.10.jar;C:\Users\Han\.gradle\caches\modules-2\files-2.1\jakarta.transaction\jakarta.transaction-api\1.
Launcher Type: SUN_STANDARD

[Global flags]
     intx CICompilerCount                          = 4                                         {product} {ergonomic}
     uint ConcGCThreads                            = 3                                         {product} {ergonomic}
     uint G1ConcRefinementThreads                  = 10                                        {product} {ergonomic}
   size_t G1HeapRegionSize                         = 2097152                                   {product} {ergonomic}
    uintx GCDrainStackTargetSize                   = 64                                        {product} {ergonomic}
   size_t InitialHeapSize                          = 249561088                                 {product} {ergonomic}
   size_t MarkStackSize                            = 4194304                                   {product} {ergonomic}
   size_t MaxHeapSize                              = 3980394496                                {product} {ergonomic}
   size_t MinHeapDeltaBytes                        = 2097152                                   {product} {ergonomic}
   size_t MinHeapSize                              = 8388608                                   {product} {ergonomic}
    uintx NonNMethodCodeHeapSize                   = 5839372                                {pd product} {ergonomic}
    uintx NonProfiledCodeHeapSize                  = 122909434                              {pd product} {ergonomic}
    uintx ProfiledCodeHeapSize                     = 122909434                              {pd product} {ergonomic}
    uintx ReservedCodeCacheSize                    = 251658240                              {pd product} {ergonomic}
     bool SegmentedCodeCache                       = true                                      {product} {ergonomic}
   size_t SoftMaxHeapSize                          = 3980394496                             {manageable} {ergonomic}
     bool UseCompressedClassPointers               = true                           {product lp64_product} {ergonomic}
     bool UseCompressedOops                        = true                           {product lp64_product} {ergonomic}
     bool UseG1GC                                  = true                                      {product} {ergonomic}
     bool UseLargePagesIndividualAllocation        = false                                  {pd product} {ergonomic}

Logging:
Log output configuration:
 #0: stdout all=warning uptime,level,tags
 #1: stderr all=off uptime,level,tags

Environment Variables:
JAVA_HOME=C:\Program Files\Zulu\zulu-11
CLASSPATH=C:\Program Files\Zulu\zulu-11\lib
PATH=C:\Program Files\Zulu\zulu-11\bin\;C:\Program Files (x86)\Common Files\Oracle\Java\javapath;C:\WINDOWS\system32;C:\WINDOWS;C:\WINDOWS\System32\Wbem;C:\WINDOWS\System32\WindowsPowerShell\v1.0\;C:\WINDOWS\System32\OpenSSH\;C:\Program Files\MySQL\MySQL Server 8.0\bin;C:\Program Files\Git\cmd;C:\Program Files\Zulu\zulu-11\bin;C:\Users\Han\AppData\Roaming\nvm;C:\Program Files\nodejs;C:\Program Files\Docker\Docker\resources\bin;C:\Program Files\MySQL\MySQL Shell 8.0\bin\;C:\Users\Han\anaconda3;C:\Users\Han\anaconda3\Library\mingw-w64\bin;C:\Users\Han\anaconda3\Library\usr\bin;C:\Users\Han\anaconda3\Library\bin;C:\Users\Han\anaconda3\Scripts;C:\Users\Han\AppData\Local\Programs\Python\Python310\Scripts\;C:\Users\Han\AppData\Local\Programs\Python\Python310\;C:\Users\Han\AppData\Local\Microsoft\WindowsApps;C:\Users\Han\AppData\Local\Programs\Microsoft VS Code\bin;C:\Program Files\JetBrains\IntelliJ IDEA Community Edition 2021.3.3\bin;C:\Users\Han\AppData\Local\JetBrains\Toolbox\scripts;C:\Users\Han\AppData\Roaming\npm;C:\Users\Han\AppData\Roaming\nvm;C:\Program Files\nodejs;C:\Users\Han\AppData\Local\Microsoft\WindowsApps;
USERNAME=Han
OS=Windows_NT
PROCESSOR_IDENTIFIER=AMD64 Family 25 Model 80 Stepping 0, AuthenticAMD



---------------  S Y S T E M  ---------------

OS:
 Windows 11 , 64 bit Build 22621 (10.0.22621.1485)
OS uptime: 3 days 16:07 hours
Hyper-V role detected

CPU: total 12 (initial active 12) (12 cores per cpu, 2 threads per core) family 25 model 80 stepping 0 microcode 0x0, cx8, cmov, fxsr, ht, mmx, 3dnowpref, sse, sse2, sse3, ssse3, sse4a, sse4.1, sse4.2, popcnt, lzcnt, tsc, tscinvbit, avx, avx2, aes, erms, clmul, bmi1, bmi2, adx, sha, fma, vzeroupper, clflush, clflushopt, hv

Memory: 4k page, system-wide physical 15182M (3347M free)
TotalPageFile size 17975M (AvailPageFile size 20M)
current process WorkingSet (physical memory assigned to process): 10M, peak: 10M
current process commit charge ("private bytes"): 19M, peak: 20M

vm_info: OpenJDK 64-Bit Server VM (17.0.3+6-LTS) for windows-amd64 JRE (17.0.3+6-LTS), built on Apr 15 2022 22:16:02 by "Administrator" with MS VC++ 15.9 (VS2017)

END.
