#
# There is insufficient memory for the Java Runtime Environment to continue.
# Native memory allocation (malloc) failed to allocate 881136 bytes for Chunk::new
# Possible reasons:
#   The system is out of physical RAM or swap space
#   The process is running with CompressedOops enabled, and the Java Heap may be blocking the growth of the native heap
# Possible solutions:
#   Reduce memory load on the system
#   Increase physical memory or swap space
#   Check if swap backing store is full
#   Decrease Java heap size (-Xmx/-Xms)
#   Decrease number of Java threads
#   Decrease Java thread stack sizes (-Xss)
#   Set larger code cache with -XX:ReservedCodeCacheSize=
#   JVM is running with Unscaled Compressed Oops mode in which the Java heap is
#     placed in the first 4GB address space. The Java Heap base address is the
#     maximum limit for the native heap growth. Please use -XX:HeapBaseMinAddress
#     to set the Java Heap base and to place the Java Heap above 4GB virtual address.
# This output file may be truncated or incomplete.
#
#  Out of Memory Error (arena.cpp:189), pid=27224, tid=3740
#
# JRE version: OpenJDK Runtime Environment Corretto-17.0.3.6.1 (17.0.3+6) (build 17.0.3+6-LTS)
# Java VM: OpenJDK 64-Bit Server VM Corretto-17.0.3.6.1 (17.0.3+6-LTS, mixed mode, sharing, tiered, compressed oops, compressed class ptrs, g1 gc, windows-amd64)
# No core dump will be written. Minidumps are not enabled by default on client versions of Windows
#

---------------  S U M M A R Y ------------

Command Line: -Dorg.gradle.internal.worker.tmpdir=C:\Users\Han\Desktop\programming\Jeju_Project\Team_poject\server\build\tmp\test\work -Dorg.gradle.native=false -Xmx512m -Dfile.encoding=UTF-8 -Duser.country=KR -Duser.language=ko -Duser.variant -ea worker.org.gradle.process.internal.worker.GradleWorkerMain 'Gradle Test Executor 13'

Host: AMD Ryzen 5 5600U with Radeon Graphics         , 12 cores, 14G,  Windows 11 , 64 bit Build 22621 (10.0.22621.1344)
Time: Fri Apr 14 16:37:26 2023  Windows 11 , 64 bit Build 22621 (10.0.22621.1344) elapsed time: 1.454681 seconds (0d 0h 0m 1s)

---------------  T H R E A D  ---------------

Current thread (0x000002475dba87f0):  JavaThread "C2 CompilerThread1" daemon [_thread_in_native, id=3740, stack(0x0000005e21500000,0x0000005e21600000)]


Current CompileTask:
C2:   1454 1947       4       java.lang.invoke.MethodType::makeImpl (109 bytes)

Stack: [0x0000005e21500000,0x0000005e21600000]
Native frames: (J=compiled Java code, j=interpreted, Vv=VM code, C=native code)
V  [jvm.dll+0x645e5a]
V  [jvm.dll+0x7f6fc4]
V  [jvm.dll+0x7f877e]
V  [jvm.dll+0x7f8dd3]
V  [jvm.dll+0x234bb8]
V  [jvm.dll+0xbce1b]
V  [jvm.dll+0xbd3ac]
V  [jvm.dll+0x29be52]
V  [jvm.dll+0x552daa]
V  [jvm.dll+0x211276]
V  [jvm.dll+0x20a9cf]
V  [jvm.dll+0x2086a2]
V  [jvm.dll+0x198b5d]
V  [jvm.dll+0x217b49]
V  [jvm.dll+0x215d9b]
V  [jvm.dll+0x7af68b]
V  [jvm.dll+0x7a9c9a]
V  [jvm.dll+0x644d05]
C  [ucrtbase.dll+0x29363]
C  [KERNEL32.DLL+0x126bd]
C  [ntdll.dll+0x5a9f8]


---------------  P R O C E S S  ---------------

Threads class SMR info:
_java_thread_list=0x000002475dcca7d0, length=17, elements={
0x0000024741843370, 0x000002475c7b2890, 0x000002475c7b5a60, 0x000002475c7d1790,
0x000002475c7d6150, 0x000002475c7d6b00, 0x000002475c7dcdd0, 0x000002475c7dfb70,
0x000002475c7e8a20, 0x000002475c7e9bf0, 0x000002475d511740, 0x000002475d5145e0,
0x000002475dba87f0, 0x000002475dc88af0, 0x000002475ddaeb10, 0x000002475deadb80,
0x000002475e6d2c70
}

Java Threads: ( => current thread )
  0x0000024741843370 JavaThread "Test worker" [_thread_in_native, id=15464, stack(0x0000005e20200000,0x0000005e20300000)]
  0x000002475c7b2890 JavaThread "Reference Handler" daemon [_thread_blocked, id=17004, stack(0x0000005e20900000,0x0000005e20a00000)]
  0x000002475c7b5a60 JavaThread "Finalizer" daemon [_thread_blocked, id=2716, stack(0x0000005e20a00000,0x0000005e20b00000)]
  0x000002475c7d1790 JavaThread "Signal Dispatcher" daemon [_thread_blocked, id=10276, stack(0x0000005e20b00000,0x0000005e20c00000)]
  0x000002475c7d6150 JavaThread "Attach Listener" daemon [_thread_blocked, id=22244, stack(0x0000005e20c00000,0x0000005e20d00000)]
  0x000002475c7d6b00 JavaThread "Service Thread" daemon [_thread_blocked, id=19420, stack(0x0000005e20d00000,0x0000005e20e00000)]
  0x000002475c7dcdd0 JavaThread "Monitor Deflation Thread" daemon [_thread_blocked, id=10928, stack(0x0000005e20e00000,0x0000005e20f00000)]
  0x000002475c7dfb70 JavaThread "C2 CompilerThread0" daemon [_thread_blocked, id=16976, stack(0x0000005e20f00000,0x0000005e21000000)]
  0x000002475c7e8a20 JavaThread "C1 CompilerThread0" daemon [_thread_blocked, id=20992, stack(0x0000005e21000000,0x0000005e21100000)]
  0x000002475c7e9bf0 JavaThread "Sweeper thread" daemon [_thread_blocked, id=21220, stack(0x0000005e21100000,0x0000005e21200000)]
  0x000002475d511740 JavaThread "Notification Thread" daemon [_thread_blocked, id=9648, stack(0x0000005e21200000,0x0000005e21300000)]
  0x000002475d5145e0 JavaThread "Common-Cleaner" daemon [_thread_blocked, id=15040, stack(0x0000005e21400000,0x0000005e21500000)]
=>0x000002475dba87f0 JavaThread "C2 CompilerThread1" daemon [_thread_in_native, id=3740, stack(0x0000005e21500000,0x0000005e21600000)]
  0x000002475dc88af0 JavaThread "/127.0.0.1:7867 to /127.0.0.1:7866 workers" [_thread_blocked, id=2104, stack(0x0000005e21700000,0x0000005e21800000)]
  0x000002475ddaeb10 JavaThread "/127.0.0.1:7867 to /127.0.0.1:7866 workers Thread 2" [_thread_blocked, id=24696, stack(0x0000005e21800000,0x0000005e21900000)]
  0x000002475deadb80 JavaThread "/127.0.0.1:7867 to /127.0.0.1:7866 workers Thread 3" [_thread_in_native, id=16032, stack(0x0000005e21900000,0x0000005e21a00000)]
  0x000002475e6d2c70 JavaThread "C2 CompilerThread2" daemon [_thread_in_native, id=5916, stack(0x0000005e21a00000,0x0000005e21b00000)]

Other Threads:
  0x000002475c7acdf0 VMThread "VM Thread" [stack: 0x0000005e20800000,0x0000005e20900000] [id=1744]
  0x0000024741894a50 WatcherThread [stack: 0x0000005e21300000,0x0000005e21400000] [id=12100]
  0x000002474186f540 GCTaskThread "GC Thread#0" [stack: 0x0000005e20300000,0x0000005e20400000] [id=8500]
  0x000002475ea7a570 GCTaskThread "GC Thread#1" [stack: 0x0000005e21b00000,0x0000005e21c00000] [id=24476]
  0x000002475dff8a30 GCTaskThread "GC Thread#2" [stack: 0x0000005e21c00000,0x0000005e21d00000] [id=12976]
  0x000002475dff8ce0 GCTaskThread "GC Thread#3" [stack: 0x0000005e21d00000,0x0000005e21e00000] [id=4424]
  0x000002475dfd7970 GCTaskThread "GC Thread#4" [stack: 0x0000005e21e00000,0x0000005e21f00000] [id=17972]
  0x000002475dfd7c20 GCTaskThread "GC Thread#5" [stack: 0x0000005e21f00000,0x0000005e22000000] [id=7812]
  0x000002475df71c70 GCTaskThread "GC Thread#6" [stack: 0x0000005e22000000,0x0000005e22100000] [id=1460]
  0x000002475df71f20 GCTaskThread "GC Thread#7" [stack: 0x0000005e22100000,0x0000005e22200000] [id=8088]
  0x000002475e41c970 GCTaskThread "GC Thread#8" [stack: 0x0000005e22200000,0x0000005e22300000] [id=16220]
  0x000002475e5f1a60 GCTaskThread "GC Thread#9" [stack: 0x0000005e22400000,0x0000005e22500000] [id=4136]
  0x00000247418745e0 ConcurrentGCThread "G1 Main Marker" [stack: 0x0000005e20400000,0x0000005e20500000] [id=22784]
  0x0000024741877af0 ConcurrentGCThread "G1 Conc#0" [stack: 0x0000005e20500000,0x0000005e20600000] [id=3688]
  0x000002474190e7f0 ConcurrentGCThread "G1 Refine#0" [stack: 0x0000005e20600000,0x0000005e20700000] [id=21088]
  0x000002475e697d00 ConcurrentGCThread "G1 Refine#1" [stack: 0x0000005e22300000,0x0000005e22400000] [id=6004]
  0x000002475c66d600 ConcurrentGCThread "G1 Service" [stack: 0x0000005e20700000,0x0000005e20800000] [id=13828]

Threads with active compile tasks:
C2 CompilerThread1     1480 1947       4       java.lang.invoke.MethodType::makeImpl (109 bytes)

VM state: not at safepoint (normal execution)

VM Mutex/Monitor currently owned by a thread: None

Heap address: 0x00000000e0000000, size: 512 MB, Compressed Oops mode: 32-bit

CDS archive(s) mapped at: [0x0000000800000000-0x0000000800bc0000-0x0000000800bc0000), size 12320768, SharedBaseAddress: 0x0000000800000000, ArchiveRelocationMode: 0.
Compressed class space mapped at: 0x0000000800c00000-0x0000000840c00000, reserved size: 1073741824
Narrow klass base: 0x0000000800000000, Narrow klass shift: 0, Narrow klass range: 0x100000000

GC Precious Log:
 CPUs: 12 total, 12 available
 Memory: 15182M
 Large Page Support: Disabled
 NUMA Support: Disabled
 Compressed Oops: Enabled (32-bit)
 Heap Region Size: 1M
 Heap Min Capacity: 8M
 Heap Initial Capacity: 238M
 Heap Max Capacity: 512M
 Pre-touch: Disabled
 Parallel Workers: 10
 Concurrent Workers: 3
 Concurrent Refinement Workers: 10
 Periodic GC: Disabled

Heap:
 garbage-first heap   total 243712K, used 31634K [0x00000000e0000000, 0x0000000100000000)
  region size 1024K, 23 young (23552K), 2 survivors (2048K)
 Metaspace       used 14580K, committed 14848K, reserved 1064960K
  class space    used 1972K, committed 2112K, reserved 1048576K

Heap Regions: E=young(eden), S=young(survivor), O=old, HS=humongous(starts), HC=humongous(continues), CS=collection set, F=free, OA=open archive, CA=closed archive, TAMS=top-at-mark-start (previous, next)
|   0|0x00000000e0000000, 0x00000000e0100000, 0x00000000e0100000|100%|HS|  |TAMS 0x00000000e0000000, 0x00000000e0000000| Complete 
|   1|0x00000000e0100000, 0x00000000e0200000, 0x00000000e0200000|100%| O|  |TAMS 0x00000000e0100000, 0x00000000e0100000| Untracked 
|   2|0x00000000e0200000, 0x00000000e0300000, 0x00000000e0300000|100%| O|  |TAMS 0x00000000e0200000, 0x00000000e0200000| Untracked 
|   3|0x00000000e0300000, 0x00000000e0400000, 0x00000000e0400000|100%| O|  |TAMS 0x00000000e0300000, 0x00000000e0300000| Untracked 
|   4|0x00000000e0400000, 0x00000000e0500000, 0x00000000e0500000|100%| O|  |TAMS 0x00000000e0400000, 0x00000000e0400000| Untracked 
|   5|0x00000000e0500000, 0x00000000e0600000, 0x00000000e0600000|100%| O|  |TAMS 0x00000000e0500000, 0x00000000e0500000| Untracked 
|   6|0x00000000e0600000, 0x00000000e0700000, 0x00000000e0700000|100%| O|  |TAMS 0x00000000e0600000, 0x00000000e0600000| Untracked 
|   7|0x00000000e0700000, 0x00000000e0800000, 0x00000000e0800000|100%| O|  |TAMS 0x00000000e0700000, 0x00000000e0700000| Untracked 
|   8|0x00000000e0800000, 0x00000000e0900000, 0x00000000e0900000|100%| O|  |TAMS 0x00000000e0800000, 0x00000000e0800000| Untracked 
|   9|0x00000000e0900000, 0x00000000e0999200, 0x00000000e0a00000| 59%| O|  |TAMS 0x00000000e0900000, 0x00000000e0900000| Untracked 
|  10|0x00000000e0a00000, 0x00000000e0a00000, 0x00000000e0b00000|  0%| F|  |TAMS 0x00000000e0a00000, 0x00000000e0a00000| Untracked 
|  11|0x00000000e0b00000, 0x00000000e0b00000, 0x00000000e0c00000|  0%| F|  |TAMS 0x00000000e0b00000, 0x00000000e0b00000| Untracked 
|  12|0x00000000e0c00000, 0x00000000e0c00000, 0x00000000e0d00000|  0%| F|  |TAMS 0x00000000e0c00000, 0x00000000e0c00000| Untracked 
|  13|0x00000000e0d00000, 0x00000000e0d00000, 0x00000000e0e00000|  0%| F|  |TAMS 0x00000000e0d00000, 0x00000000e0d00000| Untracked 
|  14|0x00000000e0e00000, 0x00000000e0e00000, 0x00000000e0f00000|  0%| F|  |TAMS 0x00000000e0e00000, 0x00000000e0e00000| Untracked 
|  15|0x00000000e0f00000, 0x00000000e0f00000, 0x00000000e1000000|  0%| F|  |TAMS 0x00000000e0f00000, 0x00000000e0f00000| Untracked 
|  16|0x00000000e1000000, 0x00000000e1000000, 0x00000000e1100000|  0%| F|  |TAMS 0x00000000e1000000, 0x00000000e1000000| Untracked 
|  17|0x00000000e1100000, 0x00000000e1100000, 0x00000000e1200000|  0%| F|  |TAMS 0x00000000e1100000, 0x00000000e1100000| Untracked 
|  18|0x00000000e1200000, 0x00000000e1200000, 0x00000000e1300000|  0%| F|  |TAMS 0x00000000e1200000, 0x00000000e1200000| Untracked 
|  19|0x00000000e1300000, 0x00000000e1300000, 0x00000000e1400000|  0%| F|  |TAMS 0x00000000e1300000, 0x00000000e1300000| Untracked 
|  20|0x00000000e1400000, 0x00000000e1400000, 0x00000000e1500000|  0%| F|  |TAMS 0x00000000e1400000, 0x00000000e1400000| Untracked 
|  21|0x00000000e1500000, 0x00000000e1500000, 0x00000000e1600000|  0%| F|  |TAMS 0x00000000e1500000, 0x00000000e1500000| Untracked 
|  22|0x00000000e1600000, 0x00000000e1600000, 0x00000000e1700000|  0%| F|  |TAMS 0x00000000e1600000, 0x00000000e1600000| Untracked 
|  23|0x00000000e1700000, 0x00000000e1700000, 0x00000000e1800000|  0%| F|  |TAMS 0x00000000e1700000, 0x00000000e1700000| Untracked 
|  24|0x00000000e1800000, 0x00000000e1800000, 0x00000000e1900000|  0%| F|  |TAMS 0x00000000e1800000, 0x00000000e1800000| Untracked 
|  25|0x00000000e1900000, 0x00000000e1900000, 0x00000000e1a00000|  0%| F|  |TAMS 0x00000000e1900000, 0x00000000e1900000| Untracked 
|  26|0x00000000e1a00000, 0x00000000e1a00000, 0x00000000e1b00000|  0%| F|  |TAMS 0x00000000e1a00000, 0x00000000e1a00000| Untracked 
|  27|0x00000000e1b00000, 0x00000000e1b00000, 0x00000000e1c00000|  0%| F|  |TAMS 0x00000000e1b00000, 0x00000000e1b00000| Untracked 
|  28|0x00000000e1c00000, 0x00000000e1c00000, 0x00000000e1d00000|  0%| F|  |TAMS 0x00000000e1c00000, 0x00000000e1c00000| Untracked 
|  29|0x00000000e1d00000, 0x00000000e1d00000, 0x00000000e1e00000|  0%| F|  |TAMS 0x00000000e1d00000, 0x00000000e1d00000| Untracked 
|  30|0x00000000e1e00000, 0x00000000e1e00000, 0x00000000e1f00000|  0%| F|  |TAMS 0x00000000e1e00000, 0x00000000e1e00000| Untracked 
|  31|0x00000000e1f00000, 0x00000000e1f00000, 0x00000000e2000000|  0%| F|  |TAMS 0x00000000e1f00000, 0x00000000e1f00000| Untracked 
|  32|0x00000000e2000000, 0x00000000e2000000, 0x00000000e2100000|  0%| F|  |TAMS 0x00000000e2000000, 0x00000000e2000000| Untracked 
|  33|0x00000000e2100000, 0x00000000e2100000, 0x00000000e2200000|  0%| F|  |TAMS 0x00000000e2100000, 0x00000000e2100000| Untracked 
|  34|0x00000000e2200000, 0x00000000e2200000, 0x00000000e2300000|  0%| F|  |TAMS 0x00000000e2200000, 0x00000000e2200000| Untracked 
|  35|0x00000000e2300000, 0x00000000e2300000, 0x00000000e2400000|  0%| F|  |TAMS 0x00000000e2300000, 0x00000000e2300000| Untracked 
|  36|0x00000000e2400000, 0x00000000e2400000, 0x00000000e2500000|  0%| F|  |TAMS 0x00000000e2400000, 0x00000000e2400000| Untracked 
|  37|0x00000000e2500000, 0x00000000e2500000, 0x00000000e2600000|  0%| F|  |TAMS 0x00000000e2500000, 0x00000000e2500000| Untracked 
|  38|0x00000000e2600000, 0x00000000e2600000, 0x00000000e2700000|  0%| F|  |TAMS 0x00000000e2600000, 0x00000000e2600000| Untracked 
|  39|0x00000000e2700000, 0x00000000e2700000, 0x00000000e2800000|  0%| F|  |TAMS 0x00000000e2700000, 0x00000000e2700000| Untracked 
|  40|0x00000000e2800000, 0x00000000e2800000, 0x00000000e2900000|  0%| F|  |TAMS 0x00000000e2800000, 0x00000000e2800000| Untracked 
|  41|0x00000000e2900000, 0x00000000e2900000, 0x00000000e2a00000|  0%| F|  |TAMS 0x00000000e2900000, 0x00000000e2900000| Untracked 
|  42|0x00000000e2a00000, 0x00000000e2a00000, 0x00000000e2b00000|  0%| F|  |TAMS 0x00000000e2a00000, 0x00000000e2a00000| Untracked 
|  43|0x00000000e2b00000, 0x00000000e2b00000, 0x00000000e2c00000|  0%| F|  |TAMS 0x00000000e2b00000, 0x00000000e2b00000| Untracked 
|  44|0x00000000e2c00000, 0x00000000e2c00000, 0x00000000e2d00000|  0%| F|  |TAMS 0x00000000e2c00000, 0x00000000e2c00000| Untracked 
|  45|0x00000000e2d00000, 0x00000000e2d00000, 0x00000000e2e00000|  0%| F|  |TAMS 0x00000000e2d00000, 0x00000000e2d00000| Untracked 
|  46|0x00000000e2e00000, 0x00000000e2e00000, 0x00000000e2f00000|  0%| F|  |TAMS 0x00000000e2e00000, 0x00000000e2e00000| Untracked 
|  47|0x00000000e2f00000, 0x00000000e2f00000, 0x00000000e3000000|  0%| F|  |TAMS 0x00000000e2f00000, 0x00000000e2f00000| Untracked 
|  48|0x00000000e3000000, 0x00000000e3000000, 0x00000000e3100000|  0%| F|  |TAMS 0x00000000e3000000, 0x00000000e3000000| Untracked 
|  49|0x00000000e3100000, 0x00000000e3100000, 0x00000000e3200000|  0%| F|  |TAMS 0x00000000e3100000, 0x00000000e3100000| Untracked 
|  50|0x00000000e3200000, 0x00000000e3200000, 0x00000000e3300000|  0%| F|  |TAMS 0x00000000e3200000, 0x00000000e3200000| Untracked 
|  51|0x00000000e3300000, 0x00000000e3300000, 0x00000000e3400000|  0%| F|  |TAMS 0x00000000e3300000, 0x00000000e3300000| Untracked 
|  52|0x00000000e3400000, 0x00000000e3400000, 0x00000000e3500000|  0%| F|  |TAMS 0x00000000e3400000, 0x00000000e3400000| Untracked 
|  53|0x00000000e3500000, 0x00000000e3500000, 0x00000000e3600000|  0%| F|  |TAMS 0x00000000e3500000, 0x00000000e3500000| Untracked 
|  54|0x00000000e3600000, 0x00000000e3600000, 0x00000000e3700000|  0%| F|  |TAMS 0x00000000e3600000, 0x00000000e3600000| Untracked 
|  55|0x00000000e3700000, 0x00000000e3700000, 0x00000000e3800000|  0%| F|  |TAMS 0x00000000e3700000, 0x00000000e3700000| Untracked 
|  56|0x00000000e3800000, 0x00000000e3800000, 0x00000000e3900000|  0%| F|  |TAMS 0x00000000e3800000, 0x00000000e3800000| Untracked 
|  57|0x00000000e3900000, 0x00000000e3900000, 0x00000000e3a00000|  0%| F|  |TAMS 0x00000000e3900000, 0x00000000e3900000| Untracked 
|  58|0x00000000e3a00000, 0x00000000e3a00000, 0x00000000e3b00000|  0%| F|  |TAMS 0x00000000e3a00000, 0x00000000e3a00000| Untracked 
|  59|0x00000000e3b00000, 0x00000000e3b00000, 0x00000000e3c00000|  0%| F|  |TAMS 0x00000000e3b00000, 0x00000000e3b00000| Untracked 
|  60|0x00000000e3c00000, 0x00000000e3c00000, 0x00000000e3d00000|  0%| F|  |TAMS 0x00000000e3c00000, 0x00000000e3c00000| Untracked 
|  61|0x00000000e3d00000, 0x00000000e3d00000, 0x00000000e3e00000|  0%| F|  |TAMS 0x00000000e3d00000, 0x00000000e3d00000| Untracked 
|  62|0x00000000e3e00000, 0x00000000e3e00000, 0x00000000e3f00000|  0%| F|  |TAMS 0x00000000e3e00000, 0x00000000e3e00000| Untracked 
|  63|0x00000000e3f00000, 0x00000000e3f00000, 0x00000000e4000000|  0%| F|  |TAMS 0x00000000e3f00000, 0x00000000e3f00000| Untracked 
|  64|0x00000000e4000000, 0x00000000e4000000, 0x00000000e4100000|  0%| F|  |TAMS 0x00000000e4000000, 0x00000000e4000000| Untracked 
|  65|0x00000000e4100000, 0x00000000e4100000, 0x00000000e4200000|  0%| F|  |TAMS 0x00000000e4100000, 0x00000000e4100000| Untracked 
|  66|0x00000000e4200000, 0x00000000e4200000, 0x00000000e4300000|  0%| F|  |TAMS 0x00000000e4200000, 0x00000000e4200000| Untracked 
|  67|0x00000000e4300000, 0x00000000e4300000, 0x00000000e4400000|  0%| F|  |TAMS 0x00000000e4300000, 0x00000000e4300000| Untracked 
|  68|0x00000000e4400000, 0x00000000e4400000, 0x00000000e4500000|  0%| F|  |TAMS 0x00000000e4400000, 0x00000000e4400000| Untracked 
|  69|0x00000000e4500000, 0x00000000e4500000, 0x00000000e4600000|  0%| F|  |TAMS 0x00000000e4500000, 0x00000000e4500000| Untracked 
|  70|0x00000000e4600000, 0x00000000e4600000, 0x00000000e4700000|  0%| F|  |TAMS 0x00000000e4600000, 0x00000000e4600000| Untracked 
|  71|0x00000000e4700000, 0x00000000e4700000, 0x00000000e4800000|  0%| F|  |TAMS 0x00000000e4700000, 0x00000000e4700000| Untracked 
|  72|0x00000000e4800000, 0x00000000e4800000, 0x00000000e4900000|  0%| F|  |TAMS 0x00000000e4800000, 0x00000000e4800000| Untracked 
|  73|0x00000000e4900000, 0x00000000e4900000, 0x00000000e4a00000|  0%| F|  |TAMS 0x00000000e4900000, 0x00000000e4900000| Untracked 
|  74|0x00000000e4a00000, 0x00000000e4a00000, 0x00000000e4b00000|  0%| F|  |TAMS 0x00000000e4a00000, 0x00000000e4a00000| Untracked 
|  75|0x00000000e4b00000, 0x00000000e4b00000, 0x00000000e4c00000|  0%| F|  |TAMS 0x00000000e4b00000, 0x00000000e4b00000| Untracked 
|  76|0x00000000e4c00000, 0x00000000e4c00000, 0x00000000e4d00000|  0%| F|  |TAMS 0x00000000e4c00000, 0x00000000e4c00000| Untracked 
|  77|0x00000000e4d00000, 0x00000000e4d00000, 0x00000000e4e00000|  0%| F|  |TAMS 0x00000000e4d00000, 0x00000000e4d00000| Untracked 
|  78|0x00000000e4e00000, 0x00000000e4e00000, 0x00000000e4f00000|  0%| F|  |TAMS 0x00000000e4e00000, 0x00000000e4e00000| Untracked 
|  79|0x00000000e4f00000, 0x00000000e4f00000, 0x00000000e5000000|  0%| F|  |TAMS 0x00000000e4f00000, 0x00000000e4f00000| Untracked 
|  80|0x00000000e5000000, 0x00000000e5000000, 0x00000000e5100000|  0%| F|  |TAMS 0x00000000e5000000, 0x00000000e5000000| Untracked 
|  81|0x00000000e5100000, 0x00000000e5100000, 0x00000000e5200000|  0%| F|  |TAMS 0x00000000e5100000, 0x00000000e5100000| Untracked 
|  82|0x00000000e5200000, 0x00000000e5200000, 0x00000000e5300000|  0%| F|  |TAMS 0x00000000e5200000, 0x00000000e5200000| Untracked 
|  83|0x00000000e5300000, 0x00000000e5300000, 0x00000000e5400000|  0%| F|  |TAMS 0x00000000e5300000, 0x00000000e5300000| Untracked 
|  84|0x00000000e5400000, 0x00000000e5400000, 0x00000000e5500000|  0%| F|  |TAMS 0x00000000e5400000, 0x00000000e5400000| Untracked 
|  85|0x00000000e5500000, 0x00000000e5500000, 0x00000000e5600000|  0%| F|  |TAMS 0x00000000e5500000, 0x00000000e5500000| Untracked 
|  86|0x00000000e5600000, 0x00000000e5600000, 0x00000000e5700000|  0%| F|  |TAMS 0x00000000e5600000, 0x00000000e5600000| Untracked 
|  87|0x00000000e5700000, 0x00000000e5700000, 0x00000000e5800000|  0%| F|  |TAMS 0x00000000e5700000, 0x00000000e5700000| Untracked 
|  88|0x00000000e5800000, 0x00000000e5800000, 0x00000000e5900000|  0%| F|  |TAMS 0x00000000e5800000, 0x00000000e5800000| Untracked 
|  89|0x00000000e5900000, 0x00000000e5900000, 0x00000000e5a00000|  0%| F|  |TAMS 0x00000000e5900000, 0x00000000e5900000| Untracked 
|  90|0x00000000e5a00000, 0x00000000e5a00000, 0x00000000e5b00000|  0%| F|  |TAMS 0x00000000e5a00000, 0x00000000e5a00000| Untracked 
|  91|0x00000000e5b00000, 0x00000000e5b00000, 0x00000000e5c00000|  0%| F|  |TAMS 0x00000000e5b00000, 0x00000000e5b00000| Untracked 
|  92|0x00000000e5c00000, 0x00000000e5c00000, 0x00000000e5d00000|  0%| F|  |TAMS 0x00000000e5c00000, 0x00000000e5c00000| Untracked 
|  93|0x00000000e5d00000, 0x00000000e5d00000, 0x00000000e5e00000|  0%| F|  |TAMS 0x00000000e5d00000, 0x00000000e5d00000| Untracked 
|  94|0x00000000e5e00000, 0x00000000e5e00000, 0x00000000e5f00000|  0%| F|  |TAMS 0x00000000e5e00000, 0x00000000e5e00000| Untracked 
|  95|0x00000000e5f00000, 0x00000000e5f00000, 0x00000000e6000000|  0%| F|  |TAMS 0x00000000e5f00000, 0x00000000e5f00000| Untracked 
|  96|0x00000000e6000000, 0x00000000e6000000, 0x00000000e6100000|  0%| F|  |TAMS 0x00000000e6000000, 0x00000000e6000000| Untracked 
|  97|0x00000000e6100000, 0x00000000e6100000, 0x00000000e6200000|  0%| F|  |TAMS 0x00000000e6100000, 0x00000000e6100000| Untracked 
|  98|0x00000000e6200000, 0x00000000e6200000, 0x00000000e6300000|  0%| F|  |TAMS 0x00000000e6200000, 0x00000000e6200000| Untracked 
|  99|0x00000000e6300000, 0x00000000e6300000, 0x00000000e6400000|  0%| F|  |TAMS 0x00000000e6300000, 0x00000000e6300000| Untracked 
| 100|0x00000000e6400000, 0x00000000e6400000, 0x00000000e6500000|  0%| F|  |TAMS 0x00000000e6400000, 0x00000000e6400000| Untracked 
| 101|0x00000000e6500000, 0x00000000e6500000, 0x00000000e6600000|  0%| F|  |TAMS 0x00000000e6500000, 0x00000000e6500000| Untracked 
| 102|0x00000000e6600000, 0x00000000e6600000, 0x00000000e6700000|  0%| F|  |TAMS 0x00000000e6600000, 0x00000000e6600000| Untracked 
| 103|0x00000000e6700000, 0x00000000e6700000, 0x00000000e6800000|  0%| F|  |TAMS 0x00000000e6700000, 0x00000000e6700000| Untracked 
| 104|0x00000000e6800000, 0x00000000e6800000, 0x00000000e6900000|  0%| F|  |TAMS 0x00000000e6800000, 0x00000000e6800000| Untracked 
| 105|0x00000000e6900000, 0x00000000e6900000, 0x00000000e6a00000|  0%| F|  |TAMS 0x00000000e6900000, 0x00000000e6900000| Untracked 
| 106|0x00000000e6a00000, 0x00000000e6a00000, 0x00000000e6b00000|  0%| F|  |TAMS 0x00000000e6a00000, 0x00000000e6a00000| Untracked 
| 107|0x00000000e6b00000, 0x00000000e6b00000, 0x00000000e6c00000|  0%| F|  |TAMS 0x00000000e6b00000, 0x00000000e6b00000| Untracked 
| 108|0x00000000e6c00000, 0x00000000e6c00000, 0x00000000e6d00000|  0%| F|  |TAMS 0x00000000e6c00000, 0x00000000e6c00000| Untracked 
| 109|0x00000000e6d00000, 0x00000000e6d00000, 0x00000000e6e00000|  0%| F|  |TAMS 0x00000000e6d00000, 0x00000000e6d00000| Untracked 
| 110|0x00000000e6e00000, 0x00000000e6e00000, 0x00000000e6f00000|  0%| F|  |TAMS 0x00000000e6e00000, 0x00000000e6e00000| Untracked 
| 111|0x00000000e6f00000, 0x00000000e6f00000, 0x00000000e7000000|  0%| F|  |TAMS 0x00000000e6f00000, 0x00000000e6f00000| Untracked 
| 112|0x00000000e7000000, 0x00000000e7000000, 0x00000000e7100000|  0%| F|  |TAMS 0x00000000e7000000, 0x00000000e7000000| Untracked 
| 113|0x00000000e7100000, 0x00000000e7100000, 0x00000000e7200000|  0%| F|  |TAMS 0x00000000e7100000, 0x00000000e7100000| Untracked 
| 114|0x00000000e7200000, 0x00000000e7200000, 0x00000000e7300000|  0%| F|  |TAMS 0x00000000e7200000, 0x00000000e7200000| Untracked 
| 115|0x00000000e7300000, 0x00000000e7300000, 0x00000000e7400000|  0%| F|  |TAMS 0x00000000e7300000, 0x00000000e7300000| Untracked 
| 116|0x00000000e7400000, 0x00000000e7400000, 0x00000000e7500000|  0%| F|  |TAMS 0x00000000e7400000, 0x00000000e7400000| Untracked 
| 117|0x00000000e7500000, 0x00000000e7500000, 0x00000000e7600000|  0%| F|  |TAMS 0x00000000e7500000, 0x00000000e7500000| Untracked 
| 118|0x00000000e7600000, 0x00000000e7600000, 0x00000000e7700000|  0%| F|  |TAMS 0x00000000e7600000, 0x00000000e7600000| Untracked 
| 119|0x00000000e7700000, 0x00000000e7700000, 0x00000000e7800000|  0%| F|  |TAMS 0x00000000e7700000, 0x00000000e7700000| Untracked 
| 120|0x00000000e7800000, 0x00000000e7800000, 0x00000000e7900000|  0%| F|  |TAMS 0x00000000e7800000, 0x00000000e7800000| Untracked 
| 121|0x00000000e7900000, 0x00000000e7900000, 0x00000000e7a00000|  0%| F|  |TAMS 0x00000000e7900000, 0x00000000e7900000| Untracked 
| 122|0x00000000e7a00000, 0x00000000e7a00000, 0x00000000e7b00000|  0%| F|  |TAMS 0x00000000e7a00000, 0x00000000e7a00000| Untracked 
| 123|0x00000000e7b00000, 0x00000000e7b00000, 0x00000000e7c00000|  0%| F|  |TAMS 0x00000000e7b00000, 0x00000000e7b00000| Untracked 
| 124|0x00000000e7c00000, 0x00000000e7c00000, 0x00000000e7d00000|  0%| F|  |TAMS 0x00000000e7c00000, 0x00000000e7c00000| Untracked 
| 125|0x00000000e7d00000, 0x00000000e7d00000, 0x00000000e7e00000|  0%| F|  |TAMS 0x00000000e7d00000, 0x00000000e7d00000| Untracked 
| 126|0x00000000e7e00000, 0x00000000e7e00000, 0x00000000e7f00000|  0%| F|  |TAMS 0x00000000e7e00000, 0x00000000e7e00000| Untracked 
| 127|0x00000000e7f00000, 0x00000000e7f00000, 0x00000000e8000000|  0%| F|  |TAMS 0x00000000e7f00000, 0x00000000e7f00000| Untracked 
| 128|0x00000000e8000000, 0x00000000e8000000, 0x00000000e8100000|  0%| F|  |TAMS 0x00000000e8000000, 0x00000000e8000000| Untracked 
| 129|0x00000000e8100000, 0x00000000e8100000, 0x00000000e8200000|  0%| F|  |TAMS 0x00000000e8100000, 0x00000000e8100000| Untracked 
| 130|0x00000000e8200000, 0x00000000e8200000, 0x00000000e8300000|  0%| F|  |TAMS 0x00000000e8200000, 0x00000000e8200000| Untracked 
| 131|0x00000000e8300000, 0x00000000e8300000, 0x00000000e8400000|  0%| F|  |TAMS 0x00000000e8300000, 0x00000000e8300000| Untracked 
| 132|0x00000000e8400000, 0x00000000e8400000, 0x00000000e8500000|  0%| F|  |TAMS 0x00000000e8400000, 0x00000000e8400000| Untracked 
| 133|0x00000000e8500000, 0x00000000e8500000, 0x00000000e8600000|  0%| F|  |TAMS 0x00000000e8500000, 0x00000000e8500000| Untracked 
| 134|0x00000000e8600000, 0x00000000e8600000, 0x00000000e8700000|  0%| F|  |TAMS 0x00000000e8600000, 0x00000000e8600000| Untracked 
| 135|0x00000000e8700000, 0x00000000e8700000, 0x00000000e8800000|  0%| F|  |TAMS 0x00000000e8700000, 0x00000000e8700000| Untracked 
| 136|0x00000000e8800000, 0x00000000e8800000, 0x00000000e8900000|  0%| F|  |TAMS 0x00000000e8800000, 0x00000000e8800000| Untracked 
| 137|0x00000000e8900000, 0x00000000e8900000, 0x00000000e8a00000|  0%| F|  |TAMS 0x00000000e8900000, 0x00000000e8900000| Untracked 
| 138|0x00000000e8a00000, 0x00000000e8a00000, 0x00000000e8b00000|  0%| F|  |TAMS 0x00000000e8a00000, 0x00000000e8a00000| Untracked 
| 139|0x00000000e8b00000, 0x00000000e8b00000, 0x00000000e8c00000|  0%| F|  |TAMS 0x00000000e8b00000, 0x00000000e8b00000| Untracked 
| 140|0x00000000e8c00000, 0x00000000e8c00000, 0x00000000e8d00000|  0%| F|  |TAMS 0x00000000e8c00000, 0x00000000e8c00000| Untracked 
| 141|0x00000000e8d00000, 0x00000000e8d00000, 0x00000000e8e00000|  0%| F|  |TAMS 0x00000000e8d00000, 0x00000000e8d00000| Untracked 
| 142|0x00000000e8e00000, 0x00000000e8e00000, 0x00000000e8f00000|  0%| F|  |TAMS 0x00000000e8e00000, 0x00000000e8e00000| Untracked 
| 143|0x00000000e8f00000, 0x00000000e8f00000, 0x00000000e9000000|  0%| F|  |TAMS 0x00000000e8f00000, 0x00000000e8f00000| Untracked 
| 144|0x00000000e9000000, 0x00000000e9000000, 0x00000000e9100000|  0%| F|  |TAMS 0x00000000e9000000, 0x00000000e9000000| Untracked 
| 145|0x00000000e9100000, 0x00000000e9100000, 0x00000000e9200000|  0%| F|  |TAMS 0x00000000e9100000, 0x00000000e9100000| Untracked 
| 146|0x00000000e9200000, 0x00000000e9200000, 0x00000000e9300000|  0%| F|  |TAMS 0x00000000e9200000, 0x00000000e9200000| Untracked 
| 147|0x00000000e9300000, 0x00000000e9300000, 0x00000000e9400000|  0%| F|  |TAMS 0x00000000e9300000, 0x00000000e9300000| Untracked 
| 148|0x00000000e9400000, 0x00000000e9400000, 0x00000000e9500000|  0%| F|  |TAMS 0x00000000e9400000, 0x00000000e9400000| Untracked 
| 149|0x00000000e9500000, 0x00000000e9500000, 0x00000000e9600000|  0%| F|  |TAMS 0x00000000e9500000, 0x00000000e9500000| Untracked 
| 150|0x00000000e9600000, 0x00000000e9600000, 0x00000000e9700000|  0%| F|  |TAMS 0x00000000e9600000, 0x00000000e9600000| Untracked 
| 151|0x00000000e9700000, 0x00000000e9700000, 0x00000000e9800000|  0%| F|  |TAMS 0x00000000e9700000, 0x00000000e9700000| Untracked 
| 152|0x00000000e9800000, 0x00000000e9800000, 0x00000000e9900000|  0%| F|  |TAMS 0x00000000e9800000, 0x00000000e9800000| Untracked 
| 153|0x00000000e9900000, 0x00000000e9900000, 0x00000000e9a00000|  0%| F|  |TAMS 0x00000000e9900000, 0x00000000e9900000| Untracked 
| 154|0x00000000e9a00000, 0x00000000e9a00000, 0x00000000e9b00000|  0%| F|  |TAMS 0x00000000e9a00000, 0x00000000e9a00000| Untracked 
| 155|0x00000000e9b00000, 0x00000000e9b00000, 0x00000000e9c00000|  0%| F|  |TAMS 0x00000000e9b00000, 0x00000000e9b00000| Untracked 
| 156|0x00000000e9c00000, 0x00000000e9c00000, 0x00000000e9d00000|  0%| F|  |TAMS 0x00000000e9c00000, 0x00000000e9c00000| Untracked 
| 157|0x00000000e9d00000, 0x00000000e9d00000, 0x00000000e9e00000|  0%| F|  |TAMS 0x00000000e9d00000, 0x00000000e9d00000| Untracked 
| 158|0x00000000e9e00000, 0x00000000e9e00000, 0x00000000e9f00000|  0%| F|  |TAMS 0x00000000e9e00000, 0x00000000e9e00000| Untracked 
| 159|0x00000000e9f00000, 0x00000000e9f00000, 0x00000000ea000000|  0%| F|  |TAMS 0x00000000e9f00000, 0x00000000e9f00000| Untracked 
| 160|0x00000000ea000000, 0x00000000ea000000, 0x00000000ea100000|  0%| F|  |TAMS 0x00000000ea000000, 0x00000000ea000000| Untracked 
| 161|0x00000000ea100000, 0x00000000ea100000, 0x00000000ea200000|  0%| F|  |TAMS 0x00000000ea100000, 0x00000000ea100000| Untracked 
| 162|0x00000000ea200000, 0x00000000ea200000, 0x00000000ea300000|  0%| F|  |TAMS 0x00000000ea200000, 0x00000000ea200000| Untracked 
| 163|0x00000000ea300000, 0x00000000ea300000, 0x00000000ea400000|  0%| F|  |TAMS 0x00000000ea300000, 0x00000000ea300000| Untracked 
| 164|0x00000000ea400000, 0x00000000ea400000, 0x00000000ea500000|  0%| F|  |TAMS 0x00000000ea400000, 0x00000000ea400000| Untracked 
| 165|0x00000000ea500000, 0x00000000ea500000, 0x00000000ea600000|  0%| F|  |TAMS 0x00000000ea500000, 0x00000000ea500000| Untracked 
| 166|0x00000000ea600000, 0x00000000ea600000, 0x00000000ea700000|  0%| F|  |TAMS 0x00000000ea600000, 0x00000000ea600000| Untracked 
| 167|0x00000000ea700000, 0x00000000ea700000, 0x00000000ea800000|  0%| F|  |TAMS 0x00000000ea700000, 0x00000000ea700000| Untracked 
| 168|0x00000000ea800000, 0x00000000ea800000, 0x00000000ea900000|  0%| F|  |TAMS 0x00000000ea800000, 0x00000000ea800000| Untracked 
| 169|0x00000000ea900000, 0x00000000ea900000, 0x00000000eaa00000|  0%| F|  |TAMS 0x00000000ea900000, 0x00000000ea900000| Untracked 
| 170|0x00000000eaa00000, 0x00000000eaa00000, 0x00000000eab00000|  0%| F|  |TAMS 0x00000000eaa00000, 0x00000000eaa00000| Untracked 
| 171|0x00000000eab00000, 0x00000000eab00000, 0x00000000eac00000|  0%| F|  |TAMS 0x00000000eab00000, 0x00000000eab00000| Untracked 
| 172|0x00000000eac00000, 0x00000000eac00000, 0x00000000ead00000|  0%| F|  |TAMS 0x00000000eac00000, 0x00000000eac00000| Untracked 
| 173|0x00000000ead00000, 0x00000000ead00000, 0x00000000eae00000|  0%| F|  |TAMS 0x00000000ead00000, 0x00000000ead00000| Untracked 
| 174|0x00000000eae00000, 0x00000000eae00000, 0x00000000eaf00000|  0%| F|  |TAMS 0x00000000eae00000, 0x00000000eae00000| Untracked 
| 175|0x00000000eaf00000, 0x00000000eaf00000, 0x00000000eb000000|  0%| F|  |TAMS 0x00000000eaf00000, 0x00000000eaf00000| Untracked 
| 176|0x00000000eb000000, 0x00000000eb000000, 0x00000000eb100000|  0%| F|  |TAMS 0x00000000eb000000, 0x00000000eb000000| Untracked 
| 177|0x00000000eb100000, 0x00000000eb100000, 0x00000000eb200000|  0%| F|  |TAMS 0x00000000eb100000, 0x00000000eb100000| Untracked 
| 178|0x00000000eb200000, 0x00000000eb200000, 0x00000000eb300000|  0%| F|  |TAMS 0x00000000eb200000, 0x00000000eb200000| Untracked 
| 179|0x00000000eb300000, 0x00000000eb300000, 0x00000000eb400000|  0%| F|  |TAMS 0x00000000eb300000, 0x00000000eb300000| Untracked 
| 180|0x00000000eb400000, 0x00000000eb400000, 0x00000000eb500000|  0%| F|  |TAMS 0x00000000eb400000, 0x00000000eb400000| Untracked 
| 181|0x00000000eb500000, 0x00000000eb500000, 0x00000000eb600000|  0%| F|  |TAMS 0x00000000eb500000, 0x00000000eb500000| Untracked 
| 182|0x00000000eb600000, 0x00000000eb600000, 0x00000000eb700000|  0%| F|  |TAMS 0x00000000eb600000, 0x00000000eb600000| Untracked 
| 183|0x00000000eb700000, 0x00000000eb700000, 0x00000000eb800000|  0%| F|  |TAMS 0x00000000eb700000, 0x00000000eb700000| Untracked 
| 184|0x00000000eb800000, 0x00000000eb800000, 0x00000000eb900000|  0%| F|  |TAMS 0x00000000eb800000, 0x00000000eb800000| Untracked 
| 185|0x00000000eb900000, 0x00000000eb900000, 0x00000000eba00000|  0%| F|  |TAMS 0x00000000eb900000, 0x00000000eb900000| Untracked 
| 186|0x00000000eba00000, 0x00000000eba00000, 0x00000000ebb00000|  0%| F|  |TAMS 0x00000000eba00000, 0x00000000eba00000| Untracked 
| 187|0x00000000ebb00000, 0x00000000ebb00000, 0x00000000ebc00000|  0%| F|  |TAMS 0x00000000ebb00000, 0x00000000ebb00000| Untracked 
| 188|0x00000000ebc00000, 0x00000000ebc00000, 0x00000000ebd00000|  0%| F|  |TAMS 0x00000000ebc00000, 0x00000000ebc00000| Untracked 
| 189|0x00000000ebd00000, 0x00000000ebd00000, 0x00000000ebe00000|  0%| F|  |TAMS 0x00000000ebd00000, 0x00000000ebd00000| Untracked 
| 190|0x00000000ebe00000, 0x00000000ebe00000, 0x00000000ebf00000|  0%| F|  |TAMS 0x00000000ebe00000, 0x00000000ebe00000| Untracked 
| 191|0x00000000ebf00000, 0x00000000ebf00000, 0x00000000ec000000|  0%| F|  |TAMS 0x00000000ebf00000, 0x00000000ebf00000| Untracked 
| 192|0x00000000ec000000, 0x00000000ec000000, 0x00000000ec100000|  0%| F|  |TAMS 0x00000000ec000000, 0x00000000ec000000| Untracked 
| 193|0x00000000ec100000, 0x00000000ec100000, 0x00000000ec200000|  0%| F|  |TAMS 0x00000000ec100000, 0x00000000ec100000| Untracked 
| 194|0x00000000ec200000, 0x00000000ec200000, 0x00000000ec300000|  0%| F|  |TAMS 0x00000000ec200000, 0x00000000ec200000| Untracked 
| 195|0x00000000ec300000, 0x00000000ec300000, 0x00000000ec400000|  0%| F|  |TAMS 0x00000000ec300000, 0x00000000ec300000| Untracked 
| 196|0x00000000ec400000, 0x00000000ec400000, 0x00000000ec500000|  0%| F|  |TAMS 0x00000000ec400000, 0x00000000ec400000| Untracked 
| 197|0x00000000ec500000, 0x00000000ec500000, 0x00000000ec600000|  0%| F|  |TAMS 0x00000000ec500000, 0x00000000ec500000| Untracked 
| 198|0x00000000ec600000, 0x00000000ec600000, 0x00000000ec700000|  0%| F|  |TAMS 0x00000000ec600000, 0x00000000ec600000| Untracked 
| 199|0x00000000ec700000, 0x00000000ec700000, 0x00000000ec800000|  0%| F|  |TAMS 0x00000000ec700000, 0x00000000ec700000| Untracked 
| 200|0x00000000ec800000, 0x00000000ec800000, 0x00000000ec900000|  0%| F|  |TAMS 0x00000000ec800000, 0x00000000ec800000| Untracked 
| 201|0x00000000ec900000, 0x00000000ec900000, 0x00000000eca00000|  0%| F|  |TAMS 0x00000000ec900000, 0x00000000ec900000| Untracked 
| 202|0x00000000eca00000, 0x00000000eca00000, 0x00000000ecb00000|  0%| F|  |TAMS 0x00000000eca00000, 0x00000000eca00000| Untracked 
| 203|0x00000000ecb00000, 0x00000000ecb00000, 0x00000000ecc00000|  0%| F|  |TAMS 0x00000000ecb00000, 0x00000000ecb00000| Untracked 
| 204|0x00000000ecc00000, 0x00000000ecc00000, 0x00000000ecd00000|  0%| F|  |TAMS 0x00000000ecc00000, 0x00000000ecc00000| Untracked 
| 205|0x00000000ecd00000, 0x00000000ecd00000, 0x00000000ece00000|  0%| F|  |TAMS 0x00000000ecd00000, 0x00000000ecd00000| Untracked 
| 206|0x00000000ece00000, 0x00000000ece00000, 0x00000000ecf00000|  0%| F|  |TAMS 0x00000000ece00000, 0x00000000ece00000| Untracked 
| 207|0x00000000ecf00000, 0x00000000ecf00000, 0x00000000ed000000|  0%| F|  |TAMS 0x00000000ecf00000, 0x00000000ecf00000| Untracked 
| 208|0x00000000ed000000, 0x00000000ed000000, 0x00000000ed100000|  0%| F|  |TAMS 0x00000000ed000000, 0x00000000ed000000| Untracked 
| 209|0x00000000ed100000, 0x00000000ed100000, 0x00000000ed200000|  0%| F|  |TAMS 0x00000000ed100000, 0x00000000ed100000| Untracked 
| 210|0x00000000ed200000, 0x00000000ed200000, 0x00000000ed300000|  0%| F|  |TAMS 0x00000000ed200000, 0x00000000ed200000| Untracked 
| 211|0x00000000ed300000, 0x00000000ed300000, 0x00000000ed400000|  0%| F|  |TAMS 0x00000000ed300000, 0x00000000ed300000| Untracked 
| 212|0x00000000ed400000, 0x00000000ed400000, 0x00000000ed500000|  0%| F|  |TAMS 0x00000000ed400000, 0x00000000ed400000| Untracked 
| 213|0x00000000ed500000, 0x00000000ed500000, 0x00000000ed600000|  0%| F|  |TAMS 0x00000000ed500000, 0x00000000ed500000| Untracked 
| 214|0x00000000ed600000, 0x00000000ed600000, 0x00000000ed700000|  0%| F|  |TAMS 0x00000000ed600000, 0x00000000ed600000| Untracked 
| 215|0x00000000ed700000, 0x00000000ed800000, 0x00000000ed800000|100%| E|  |TAMS 0x00000000ed700000, 0x00000000ed700000| Complete 
| 216|0x00000000ed800000, 0x00000000ed900000, 0x00000000ed900000|100%| E|CS|TAMS 0x00000000ed800000, 0x00000000ed800000| Complete 
| 217|0x00000000ed900000, 0x00000000ed94b960, 0x00000000eda00000| 29%| S|CS|TAMS 0x00000000ed900000, 0x00000000ed900000| Complete 
| 218|0x00000000eda00000, 0x00000000edb00000, 0x00000000edb00000|100%| S|CS|TAMS 0x00000000eda00000, 0x00000000eda00000| Complete 
| 219|0x00000000edb00000, 0x00000000edc00000, 0x00000000edc00000|100%| E|CS|TAMS 0x00000000edb00000, 0x00000000edb00000| Complete 
| 220|0x00000000edc00000, 0x00000000edd00000, 0x00000000edd00000|100%| E|CS|TAMS 0x00000000edc00000, 0x00000000edc00000| Complete 
| 221|0x00000000edd00000, 0x00000000ede00000, 0x00000000ede00000|100%| E|CS|TAMS 0x00000000edd00000, 0x00000000edd00000| Complete 
| 222|0x00000000ede00000, 0x00000000edf00000, 0x00000000edf00000|100%| E|CS|TAMS 0x00000000ede00000, 0x00000000ede00000| Complete 
| 223|0x00000000edf00000, 0x00000000ee000000, 0x00000000ee000000|100%| E|CS|TAMS 0x00000000edf00000, 0x00000000edf00000| Complete 
| 224|0x00000000ee000000, 0x00000000ee100000, 0x00000000ee100000|100%| E|CS|TAMS 0x00000000ee000000, 0x00000000ee000000| Complete 
| 225|0x00000000ee100000, 0x00000000ee200000, 0x00000000ee200000|100%| E|CS|TAMS 0x00000000ee100000, 0x00000000ee100000| Complete 
| 226|0x00000000ee200000, 0x00000000ee300000, 0x00000000ee300000|100%| E|CS|TAMS 0x00000000ee200000, 0x00000000ee200000| Complete 
| 227|0x00000000ee300000, 0x00000000ee400000, 0x00000000ee400000|100%| E|CS|TAMS 0x00000000ee300000, 0x00000000ee300000| Complete 
| 228|0x00000000ee400000, 0x00000000ee500000, 0x00000000ee500000|100%| E|CS|TAMS 0x00000000ee400000, 0x00000000ee400000| Complete 
| 229|0x00000000ee500000, 0x00000000ee600000, 0x00000000ee600000|100%| E|CS|TAMS 0x00000000ee500000, 0x00000000ee500000| Complete 
| 230|0x00000000ee600000, 0x00000000ee700000, 0x00000000ee700000|100%| E|CS|TAMS 0x00000000ee600000, 0x00000000ee600000| Complete 
| 231|0x00000000ee700000, 0x00000000ee800000, 0x00000000ee800000|100%| E|CS|TAMS 0x00000000ee700000, 0x00000000ee700000| Complete 
| 232|0x00000000ee800000, 0x00000000ee900000, 0x00000000ee900000|100%| E|CS|TAMS 0x00000000ee800000, 0x00000000ee800000| Complete 
| 233|0x00000000ee900000, 0x00000000eea00000, 0x00000000eea00000|100%| E|CS|TAMS 0x00000000ee900000, 0x00000000ee900000| Complete 
| 234|0x00000000eea00000, 0x00000000eeb00000, 0x00000000eeb00000|100%| E|CS|TAMS 0x00000000eea00000, 0x00000000eea00000| Complete 
| 235|0x00000000eeb00000, 0x00000000eec00000, 0x00000000eec00000|100%| E|CS|TAMS 0x00000000eeb00000, 0x00000000eeb00000| Complete 
| 236|0x00000000eec00000, 0x00000000eed00000, 0x00000000eed00000|100%| E|CS|TAMS 0x00000000eec00000, 0x00000000eec00000| Complete 
| 237|0x00000000eed00000, 0x00000000eee00000, 0x00000000eee00000|100%| E|CS|TAMS 0x00000000eed00000, 0x00000000eed00000| Complete 

Card table byte_map: [0x0000024758980000,0x0000024758a80000] _byte_map_base: 0x0000024758280000

Marking Bits (Prev, Next): (CMBitMap*) 0x000002474186fb50, (CMBitMap*) 0x000002474186fb90
 Prev Bits: [0x0000024758b80000, 0x0000024759380000)
 Next Bits: [0x0000024759380000, 0x0000024759b80000)

Polling page: 0x000002473f850000

Metaspace:

Usage:
  Non-class:     12.40 MB used.
      Class:      1.95 MB used.
       Both:     14.35 MB used.

Virtual space:
  Non-class space:       16.00 MB reserved,      12.50 MB ( 78%) committed,  2 nodes.
      Class space:        1.00 GB reserved,       2.06 MB ( <1%) committed,  1 nodes.
             Both:        1.02 GB reserved,      14.56 MB (  1%) committed. 

Chunk freelists:
   Non-Class:  3.25 MB
       Class:  1.97 MB
        Both:  5.22 MB

MaxMetaspaceSize: unlimited
CompressedClassSpaceSize: 1.00 GB
Initial GC threshold: 21.00 MB
Current GC threshold: 21.00 MB
CDS: on
MetaspaceReclaimPolicy: balanced
 - commit_granule_bytes: 65536.
 - commit_granule_words: 8192.
 - virtual_space_node_default_size: 1048576.
 - enlarge_chunks_in_place: 1.
 - new_chunks_are_fully_committed: 0.
 - uncommit_free_chunks: 1.
 - use_allocation_guard: 0.
 - handle_deallocations: 1.


Internal statistics:

num_allocs_failed_limit: 0.
num_arena_births: 178.
num_arena_deaths: 0.
num_vsnodes_births: 3.
num_vsnodes_deaths: 0.
num_space_committed: 233.
num_space_uncommitted: 0.
num_chunks_returned_to_freelist: 0.
num_chunks_taken_from_freelist: 667.
num_chunk_merges: 0.
num_chunk_splits: 417.
num_chunks_enlarged: 303.
num_purges: 0.
num_inconsistent_stats: 0.

CodeHeap 'non-profiled nmethods': size=120000Kb used=810Kb max_used=810Kb free=119190Kb
 bounds [0x0000024750e00000, 0x0000024751070000, 0x0000024758330000]
CodeHeap 'profiled nmethods': size=120000Kb used=4093Kb max_used=4093Kb free=115906Kb
 bounds [0x00000247498d0000, 0x0000024749cd0000, 0x0000024750e00000]
CodeHeap 'non-nmethods': size=5760Kb used=1180Kb max_used=1205Kb free=4579Kb
 bounds [0x0000024749330000, 0x00000247495a0000, 0x00000247498d0000]
 total_blobs=2448 nmethods=1977 adapters=383
 compilation: enabled
              stopped_count=0, restarted_count=0
 full_count=0

Compilation events (20 events):
Event: 1.425 Thread 0x000002475c7e8a20 1956       3       java.net.URLStreamHandler::parseURL (1201 bytes)
Event: 1.427 Thread 0x000002475e6d2c70 nmethod 1955 0x0000024750ec7690 code [0x0000024750ec7820, 0x0000024750ec7a38]
Event: 1.435 Thread 0x000002475c7e8a20 nmethod 1956 0x0000024749cb7890 code [0x0000024749cb89c0, 0x0000024749cc2fe8]
Event: 1.435 Thread 0x000002475c7e8a20 1957       3       java.lang.String::indexOf (18 bytes)
Event: 1.435 Thread 0x000002475c7e8a20 nmethod 1957 0x0000024749cc6f10 code [0x0000024749cc70e0, 0x0000024749cc73a8]
Event: 1.435 Thread 0x000002475c7e8a20 1958       3       org.springframework.util.StringUtils::toStringArray (26 bytes)
Event: 1.435 Thread 0x000002475c7e8a20 nmethod 1958 0x0000024749cc7510 code [0x0000024749cc76e0, 0x0000024749cc7bd8]
Event: 1.435 Thread 0x000002475c7e8a20 1959       1       java.util.Formatter$Flags::valueOf (5 bytes)
Event: 1.435 Thread 0x000002475c7e8a20 nmethod 1959 0x0000024750ec7c10 code [0x0000024750ec7da0, 0x0000024750ec7e78]
Event: 1.441 Thread 0x000002475c7e8a20 1960       3       java.lang.Class::protectionDomain (48 bytes)
Event: 1.442 Thread 0x000002475c7e8a20 nmethod 1960 0x0000024749cc7d10 code [0x0000024749cc7f40, 0x0000024749cc85d8]
Event: 1.442 Thread 0x000002475e6d2c70 1961       4       jdk.internal.misc.Unsafe::allocateUninitializedArray (55 bytes)
Event: 1.443 Thread 0x000002475e6d2c70 nmethod 1961 0x0000024750ec7f10 code [0x0000024750ec80a0, 0x0000024750ec8258]
Event: 1.446 Thread 0x000002475c7e8a20 1962       3       java.util.regex.Pattern::next (33 bytes)
Event: 1.446 Thread 0x000002475c7e8a20 nmethod 1962 0x0000024749cc8810 code [0x0000024749cc89c0, 0x0000024749cc8c28]
Event: 1.446 Thread 0x000002475c7e8a20 1963       3       java.util.regex.Pattern$Node::<init> (12 bytes)
Event: 1.446 Thread 0x000002475c7e8a20 nmethod 1963 0x0000024749cc8d90 code [0x0000024749cc8f40, 0x0000024749cc9118]
Event: 1.448 Thread 0x000002475e6d2c70 1964       4       java.util.jar.JarFile::maybeInstantiateVerifier (42 bytes)
Event: 1.449 Thread 0x000002475e6d2c70 nmethod 1964 0x0000024750ec8390 code [0x0000024750ec8520, 0x0000024750ec8608]
Event: 1.450 Thread 0x000002475c7e8a20 1965       3       java.util.Collections::emptyMap (4 bytes)

GC Heap History (4 events):
Event: 0.707 GC heap before
{Heap before GC invocations=0 (full 0):
 garbage-first heap   total 243712K, used 23552K [0x00000000e0000000, 0x0000000100000000)
  region size 1024K, 23 young (23552K), 0 survivors (0K)
 Metaspace       used 6136K, committed 6400K, reserved 1056768K
  class space    used 791K, committed 896K, reserved 1048576K
}
Event: 0.719 GC heap after
{Heap after GC invocations=1 (full 0):
 garbage-first heap   total 243712K, used 9416K [0x00000000e0000000, 0x0000000100000000)
  region size 1024K, 3 young (3072K), 3 survivors (3072K)
 Metaspace       used 6136K, committed 6400K, reserved 1056768K
  class space    used 791K, committed 896K, reserved 1048576K
}
Event: 1.080 GC heap before
{Heap before GC invocations=1 (full 0):
 garbage-first heap   total 243712K, used 27848K [0x00000000e0000000, 0x0000000100000000)
  region size 1024K, 22 young (22528K), 3 survivors (3072K)
 Metaspace       used 10492K, committed 10688K, reserved 1064960K
  class space    used 1390K, committed 1472K, reserved 1048576K
}
Event: 1.086 GC heap after
{Heap after GC invocations=2 (full 0):
 garbage-first heap   total 243712K, used 11154K [0x00000000e0000000, 0x0000000100000000)
  region size 1024K, 2 young (2048K), 2 survivors (2048K)
 Metaspace       used 10492K, committed 10688K, reserved 1064960K
  class space    used 1390K, committed 1472K, reserved 1048576K
}

Deoptimization events (20 events):
Event: 1.403 Thread 0x0000024741843370 Uncommon trap: trap_request=0xffffffde fr.pc=0x0000024750ec462c relative=0x000000000000010c
Event: 1.403 Thread 0x0000024741843370 Uncommon trap: reason=class_check action=maybe_recompile pc=0x0000024750ec462c method=jdk.internal.misc.Unsafe.allocateUninitializedArray(Ljava/lang/Class;I)Ljava/lang/Object; @ 51 c2
Event: 1.403 Thread 0x0000024741843370 DEOPT PACKING pc=0x0000024750ec462c sp=0x0000005e202f9920
Event: 1.403 Thread 0x0000024741843370 DEOPT UNPACKING pc=0x00000247493823a3 sp=0x0000005e202f98a8 mode 2
Event: 1.417 Thread 0x0000024741843370 Uncommon trap: trap_request=0xffffff45 fr.pc=0x0000024750eabbcc relative=0x00000000000031cc
Event: 1.417 Thread 0x0000024741843370 Uncommon trap: reason=unstable_if action=reinterpret pc=0x0000024750eabbcc method=java.net.URLStreamHandler.parseURL(Ljava/net/URL;Ljava/lang/String;II)V @ 725 c2
Event: 1.417 Thread 0x0000024741843370 DEOPT PACKING pc=0x0000024750eabbcc sp=0x0000005e202fabd0
Event: 1.417 Thread 0x0000024741843370 DEOPT UNPACKING pc=0x00000247493823a3 sp=0x0000005e202fab78 mode 2
Event: 1.418 Thread 0x0000024741843370 Uncommon trap: trap_request=0xffffff45 fr.pc=0x0000024750e63ad0 relative=0x00000000000000b0
Event: 1.418 Thread 0x0000024741843370 Uncommon trap: reason=unstable_if action=reinterpret pc=0x0000024750e63ad0 method=java.lang.StringLatin1.lastIndexOf([BI[BII)I @ 32 c2
Event: 1.418 Thread 0x0000024741843370 DEOPT PACKING pc=0x0000024750e63ad0 sp=0x0000005e202fabf0
Event: 1.418 Thread 0x0000024741843370 DEOPT UNPACKING pc=0x00000247493823a3 sp=0x0000005e202fab48 mode 2
Event: 1.419 Thread 0x0000024741843370 Uncommon trap: trap_request=0xffffff45 fr.pc=0x0000024750e8fb70 relative=0x00000000000002d0
Event: 1.419 Thread 0x0000024741843370 Uncommon trap: reason=unstable_if action=reinterpret pc=0x0000024750e8fb70 method=java.lang.String.indexOf([BBILjava/lang/String;I)I @ 21 c2
Event: 1.419 Thread 0x0000024741843370 DEOPT PACKING pc=0x0000024750e8fb70 sp=0x0000005e202fabd0
Event: 1.419 Thread 0x0000024741843370 DEOPT UNPACKING pc=0x00000247493823a3 sp=0x0000005e202faae0 mode 2
Event: 1.420 Thread 0x0000024741843370 Uncommon trap: trap_request=0xffffff45 fr.pc=0x0000024750e1cbfc relative=0x00000000000000dc
Event: 1.420 Thread 0x0000024741843370 Uncommon trap: reason=unstable_if action=reinterpret pc=0x0000024750e1cbfc method=java.lang.StringLatin1.lastIndexOf([BI[BII)I @ 32 c2
Event: 1.420 Thread 0x0000024741843370 DEOPT PACKING pc=0x0000024750e1cbfc sp=0x0000005e202fab40
Event: 1.420 Thread 0x0000024741843370 DEOPT UNPACKING pc=0x00000247493823a3 sp=0x0000005e202faab8 mode 2

Classes unloaded (0 events):
No events

Classes redefined (0 events):
No events

Internal exceptions (20 events):
Event: 0.967 Thread 0x0000024741843370 Exception <a 'java/lang/NoSuchMethodError'{0x00000000ee19f578}: 'org.slf4j.impl.StaticMDCBinder org.slf4j.impl.StaticMDCBinder.getSingleton()'> (0x00000000ee19f578) 
thrown [c:\wsjdk\corretto17src\installers\windows\zip\corretto-build\buildroot\src\hotspot\share\interpreter\linkResolver.cpp, line 766]
Event: 0.977 Thread 0x0000024741843370 Exception <a 'java/lang/IncompatibleClassChangeError'{0x00000000ee038708}: Found class java.lang.Object, but interface was expected> (0x00000000ee038708) 
thrown [c:\wsjdk\corretto17src\installers\windows\zip\corretto-build\buildroot\src\hotspot\share\interpreter\linkResolver.cpp, line 833]
Event: 0.987 Thread 0x0000024741843370 Exception <a 'java/lang/NoSuchMethodError'{0x00000000ee0d9c90}: 'int java.lang.invoke.DirectMethodHandle$Holder.invokeStaticInit(java.lang.Object, java.lang.Object, java.lang.Object)'> (0x00000000ee0d9c90) 
thrown [c:\wsjdk\corretto17src\installers\windows\zip\corretto-build\buildroot\src\hotspot\share\interpreter\linkResolver.cpp, line 766]
Event: 0.999 Thread 0x0000024741843370 Implicit null exception at 0x0000024750e7bd5e to 0x0000024750e7c640
Event: 1.004 Thread 0x0000024741843370 Exception <a 'java/lang/NoSuchMethodError'{0x00000000edfe6ef8}: 'int java.lang.invoke.DirectMethodHandle$Holder.invokeInterface(java.lang.Object, java.lang.Object)'> (0x00000000edfe6ef8) 
thrown [c:\wsjdk\corretto17src\installers\windows\zip\corretto-build\buildroot\src\hotspot\share\interpreter\linkResolver.cpp, line 766]
Event: 1.156 Thread 0x0000024741843370 Exception <a 'java/lang/NoSuchMethodError'{0x00000000eead65f0}: 'void java.lang.invoke.DirectMethodHandle$Holder.invokeVirtual(java.lang.Object, java.lang.Object, java.lang.Object, java.lang.Object)'> (0x00000000eead65f0) 
thrown [c:\wsjdk\corretto17src\installers\windows\zip\corretto-build\buildroot\src\hotspot\share\interpreter\linkResolver.cpp, line 766]
Event: 1.298 Thread 0x0000024741843370 Exception <a 'java/lang/NoSuchMethodError'{0x00000000ee348058}: 'java.lang.Object java.lang.invoke.DirectMethodHandle$Holder.newInvokeSpecial(java.lang.Object, java.lang.Object, java.lang.Object, java.lang.Object, java.lang.Object, java.lang.Object, java.lang.Object)'> (0x00000000ee348058) 
thrown [c:\wsjdk\corretto17src\installers\windows\zip\corretto-build\buildroot\src\hotspot\share\interpreter\linkResolver.cpp, line 766]
Event: 1.298 Thread 0x0000024741843370 Exception <a 'java/lang/NoSuchMethodError'{0x00000000ee34cc10}: 'java.lang.Object java.lang.invoke.Invokers$Holder.linkToTargetMethod(java.lang.Object, java.lang.Object, java.lang.Object, java.lang.Object, java.lang.Object, java.lang.Object, java.lang.Object)'> (0x00000000ee34cc10) 
thrown [c:\wsjdk\corretto17src\installers\windows\zip\corretto-build\buildroot\src\hotspot\share\interpreter\linkResolver.cpp, line 766]
Event: 1.298 Thread 0x0000024741843370 Exception <a 'java/lang/NoSuchMethodError'{0x00000000ee353400}: 'java.lang.Object java.lang.invoke.DirectMethodHandle$Holder.invokeInterface(java.lang.Object, java.lang.Object, java.lang.Object, java.lang.Object, java.lang.Object)'> (0x00000000ee353400) 
thrown [c:\wsjdk\corretto17src\installers\windows\zip\corretto-build\buildroot\src\hotspot\share\interpreter\linkResolver.cpp, line 766]
Event: 1.298 Thread 0x0000024741843370 Exception <a 'java/lang/IncompatibleClassChangeError'{0x00000000ee3571f8}: Found class java.lang.Object, but interface was expected> (0x00000000ee3571f8) 
thrown [c:\wsjdk\corretto17src\installers\windows\zip\corretto-build\buildroot\src\hotspot\share\interpreter\linkResolver.cpp, line 833]
Event: 1.355 Thread 0x0000024741843370 Exception <a 'java/lang/IncompatibleClassChangeError'{0x00000000ee09e740}: Found class java.lang.Object, but interface was expected> (0x00000000ee09e740) 
thrown [c:\wsjdk\corretto17src\installers\windows\zip\corretto-build\buildroot\src\hotspot\share\interpreter\linkResolver.cpp, line 833]
Event: 1.362 Thread 0x0000024741843370 Exception <a 'sun/nio/fs/WindowsException'{0x00000000ee0f6590}> (0x00000000ee0f6590) 
thrown [c:\wsjdk\corretto17src\installers\windows\zip\corretto-build\buildroot\src\hotspot\share\prims\jni.cpp, line 516]
Event: 1.367 Thread 0x0000024741843370 Exception <a 'java/lang/NoSuchMethodError'{0x00000000edf392f8}: 'void java.lang.invoke.DirectMethodHandle$Holder.invokeStaticInit(java.lang.Object, java.lang.Object, java.lang.Object, java.lang.Object)'> (0x00000000edf392f8) 
thrown [c:\wsjdk\corretto17src\installers\windows\zip\corretto-build\buildroot\src\hotspot\share\interpreter\linkResolver.cpp, line 766]
Event: 1.368 Thread 0x0000024741843370 Exception <a 'java/lang/IncompatibleClassChangeError'{0x00000000edf4d630}: Found class java.lang.Object, but interface was expected> (0x00000000edf4d630) 
thrown [c:\wsjdk\corretto17src\installers\windows\zip\corretto-build\buildroot\src\hotspot\share\interpreter\linkResolver.cpp, line 833]
Event: 1.379 Thread 0x0000024741843370 Exception <a 'java/lang/NoSuchMethodError'{0x00000000edff4458}: 'int java.lang.invoke.DirectMethodHandle$Holder.invokeSpecial(java.lang.Object, java.lang.Object, java.lang.Object, java.lang.Object)'> (0x00000000edff4458) 
thrown [c:\wsjdk\corretto17src\installers\windows\zip\corretto-build\buildroot\src\hotspot\share\interpreter\linkResolver.cpp, line 766]
Event: 1.392 Thread 0x0000024741843370 Exception <a 'java/lang/NoSuchMethodError'{0x00000000edeab0a0}: 'void java.lang.invoke.DirectMethodHandle$Holder.invokeStatic(java.lang.Object, java.lang.Object, java.lang.Object, java.lang.Object, java.lang.Object, java.lang.Object)'> (0x00000000edeab0a0) 
thrown [c:\wsjdk\corretto17src\installers\windows\zip\corretto-build\buildroot\src\hotspot\share\interpreter\linkResolver.cpp, line 766]
Event: 1.398 Thread 0x0000024741843370 Exception <a 'java/lang/NoSuchMethodError'{0x00000000edd22388}: 'java.lang.Object java.lang.invoke.DirectMethodHandle$Holder.invokeSpecial(java.lang.Object, java.lang.Object, java.lang.Object, java.lang.Object, java.lang.Object, java.lang.Object, int)'> (0x00000000edd22388) 
thrown [c:\wsjdk\corretto17src\installers\windows\zip\corretto-build\buildroot\src\hotspot\share\interpreter\linkResolver.cpp, line 766]
Event: 1.399 Thread 0x0000024741843370 Exception <a 'java/lang/NoSuchMethodError'{0x00000000edd2d0e0}: 'java.lang.Object java.lang.invoke.DirectMethodHandle$Holder.newInvokeSpecial(java.lang.Object, java.lang.Object, java.lang.Object, java.lang.Object, java.lang.Object, java.lang.Object, int)'> (0x00000000edd2d0e0) 
thrown [c:\wsjdk\corretto17src\installers\windows\zip\corretto-build\buildroot\src\hotspot\share\interpreter\linkResolver.cpp, line 766]
Event: 1.399 Thread 0x0000024741843370 Exception <a 'java/lang/NoSuchMethodError'{0x00000000edd32918}: 'java.lang.Object java.lang.invoke.DirectMethodHandle$Holder.invokeSpecial(java.lang.Object, java.lang.Object, java.lang.Object, java.lang.Object, java.lang.Object, java.lang.Object, java.lang.Object, int)'> (0x00000000edd32918) 
thrown [c:\wsjdk\corretto17src\installers\windows\zip\corretto-build\buildroot\src\hotspot\share\interpreter\linkResolver.cpp, line 766]
Event: 1.417 Thread 0x0000024741843370 Implicit null exception at 0x0000024750ea8c2c to 0x0000024750eabba0

VM Operations (20 events):
Event: 0.447 Executing VM operation: HandshakeAllThreads
Event: 0.447 Executing VM operation: HandshakeAllThreads done
Event: 0.564 Executing VM operation: HandshakeAllThreads
Event: 0.564 Executing VM operation: HandshakeAllThreads done
Event: 0.592 Executing VM operation: HandshakeAllThreads
Event: 0.592 Executing VM operation: HandshakeAllThreads done
Event: 0.609 Executing VM operation: HandshakeAllThreads
Event: 0.609 Executing VM operation: HandshakeAllThreads done
Event: 0.668 Executing VM operation: ICBufferFull
Event: 0.669 Executing VM operation: ICBufferFull done
Event: 0.707 Executing VM operation: G1CollectForAllocation
Event: 0.719 Executing VM operation: G1CollectForAllocation done
Event: 0.976 Executing VM operation: HandshakeAllThreads
Event: 0.976 Executing VM operation: HandshakeAllThreads done
Event: 1.080 Executing VM operation: G1CollectForAllocation
Event: 1.086 Executing VM operation: G1CollectForAllocation done
Event: 1.300 Executing VM operation: HandshakeAllThreads
Event: 1.300 Executing VM operation: HandshakeAllThreads done
Event: 1.430 Executing VM operation: HandshakeAllThreads
Event: 1.430 Executing VM operation: HandshakeAllThreads done

Events (20 events):
Event: 1.371 loading class java/util/Collections$UnmodifiableMap$UnmodifiableEntrySet$1
Event: 1.371 loading class java/util/Collections$UnmodifiableMap$UnmodifiableEntrySet$1 done
Event: 1.371 loading class java/util/Collections$UnmodifiableMap$UnmodifiableEntrySet$UnmodifiableEntry
Event: 1.371 loading class java/util/Collections$UnmodifiableMap$UnmodifiableEntrySet$UnmodifiableEntry done
Event: 1.380 loading class java/lang/ProcessEnvironment$CheckedKeySet
Event: 1.380 loading class java/lang/ProcessEnvironment$CheckedKeySet done
Event: 1.381 loading class java/util/stream/MatchOps$2MatchSink
Event: 1.381 loading class java/util/stream/MatchOps$2MatchSink done
Event: 1.394 loading class java/util/regex/Pattern$Neg
Event: 1.394 loading class java/util/regex/Pattern$Neg done
Event: 1.430 loading class java/io/LineNumberReader
Event: 1.430 loading class java/io/LineNumberReader done
Event: 1.431 loading class sun/net/ProgressMonitor
Event: 1.431 loading class sun/net/ProgressMonitor done
Event: 1.431 loading class sun/net/DefaultProgressMeteringPolicy
Event: 1.431 loading class sun/net/ProgressMeteringPolicy
Event: 1.431 loading class sun/net/ProgressMeteringPolicy done
Event: 1.431 loading class sun/net/DefaultProgressMeteringPolicy done
Event: 1.431 loading class sun/nio/cs/ISO_8859_1$Decoder
Event: 1.431 loading class sun/nio/cs/ISO_8859_1$Decoder done


Dynamic libraries:
0x00007ff60b3d0000 - 0x00007ff60b3dd000 	C:\Users\Han\.jdks\corretto-17.0.3\bin\java.exe
0x00007ffcfb290000 - 0x00007ffcfb4a4000 	C:\WINDOWS\SYSTEM32\ntdll.dll
0x00007ffcf91b0000 - 0x00007ffcf9273000 	C:\WINDOWS\System32\KERNEL32.DLL
0x00007ffcf8930000 - 0x00007ffcf8ccc000 	C:\WINDOWS\System32\KERNELBASE.dll
0x00007ffcf8e90000 - 0x00007ffcf8fa1000 	C:\WINDOWS\System32\ucrtbase.dll
0x00007ffcd94b0000 - 0x00007ffcd94c5000 	C:\Users\Han\.jdks\corretto-17.0.3\bin\VCRUNTIME140.dll
0x00007ffce7b10000 - 0x00007ffce7b28000 	C:\Users\Han\.jdks\corretto-17.0.3\bin\jli.dll
0x00007ffcfa220000 - 0x00007ffcfa3cd000 	C:\WINDOWS\System32\USER32.dll
0x00007ffcf86d0000 - 0x00007ffcf86f6000 	C:\WINDOWS\System32\win32u.dll
0x00007ffcfa4e0000 - 0x00007ffcfa509000 	C:\WINDOWS\System32\GDI32.dll
0x00007ffcf8cd0000 - 0x00007ffcf8de3000 	C:\WINDOWS\System32\gdi32full.dll
0x00007ffcdfea0000 - 0x00007ffce012e000 	C:\WINDOWS\WinSxS\amd64_microsoft.windows.common-controls_6595b64144ccf1df_6.0.22621.608_none_a9444ca7c10bb01d\COMCTL32.dll
0x00007ffcf8df0000 - 0x00007ffcf8e8a000 	C:\WINDOWS\System32\msvcp_win.dll
0x00007ffcf9b90000 - 0x00007ffcf9c37000 	C:\WINDOWS\System32\msvcrt.dll
0x00007ffcf9ea0000 - 0x00007ffcf9ed1000 	C:\WINDOWS\System32\IMM32.DLL
0x00007ffcbfeb0000 - 0x00007ffcbff4b000 	C:\Users\Han\.jdks\corretto-17.0.3\bin\msvcp140.dll
0x00007ffc9db00000 - 0x00007ffc9e71b000 	C:\Users\Han\.jdks\corretto-17.0.3\bin\server\jvm.dll
0x00007ffcfb1a0000 - 0x00007ffcfb24e000 	C:\WINDOWS\System32\ADVAPI32.dll
0x00007ffcfb0f0000 - 0x00007ffcfb194000 	C:\WINDOWS\System32\sechost.dll
0x00007ffcf9a70000 - 0x00007ffcf9b85000 	C:\WINDOWS\System32\RPCRT4.dll
0x00007ffcfa110000 - 0x00007ffcfa118000 	C:\WINDOWS\System32\PSAPI.DLL
0x00007ffcf1570000 - 0x00007ffcf15a4000 	C:\WINDOWS\SYSTEM32\WINMM.dll
0x00007ffca8140000 - 0x00007ffca8149000 	C:\WINDOWS\SYSTEM32\WSOCK32.dll
0x00007ffcfa460000 - 0x00007ffcfa4d1000 	C:\WINDOWS\System32\WS2_32.dll
0x00007ffcee0c0000 - 0x00007ffcee0ca000 	C:\WINDOWS\SYSTEM32\VERSION.dll
0x00007ffcf7690000 - 0x00007ffcf76a8000 	C:\WINDOWS\SYSTEM32\kernel.appcore.dll
0x00007ffcf4d20000 - 0x00007ffcf4d2a000 	C:\Users\Han\.jdks\corretto-17.0.3\bin\jimage.dll
0x00007ffcf6300000 - 0x00007ffcf652e000 	C:\WINDOWS\SYSTEM32\DBGHELP.DLL
0x00007ffcfa510000 - 0x00007ffcfa899000 	C:\WINDOWS\System32\combase.dll
0x00007ffcf9d60000 - 0x00007ffcf9e37000 	C:\WINDOWS\System32\OLEAUT32.dll
0x00007ffce67d0000 - 0x00007ffce6802000 	C:\WINDOWS\SYSTEM32\dbgcore.DLL
0x00007ffcf9020000 - 0x00007ffcf909b000 	C:\WINDOWS\System32\bcryptPrimitives.dll
0x00007ffcd0d10000 - 0x00007ffcd0d35000 	C:\Users\Han\.jdks\corretto-17.0.3\bin\java.dll
0x00007ffcbf0e0000 - 0x00007ffcbf1b6000 	C:\Users\Han\.jdks\corretto-17.0.3\bin\jsvml.dll
0x00007ffcf9280000 - 0x00007ffcf9a70000 	C:\WINDOWS\System32\SHELL32.dll
0x00007ffcf6690000 - 0x00007ffcf6f5e000 	C:\WINDOWS\SYSTEM32\windows.storage.dll
0x00007ffcf6550000 - 0x00007ffcf668e000 	C:\WINDOWS\SYSTEM32\wintypes.dll
0x00007ffcfa120000 - 0x00007ffcfa211000 	C:\WINDOWS\System32\SHCORE.dll
0x00007ffcfa0b0000 - 0x00007ffcfa10e000 	C:\WINDOWS\System32\shlwapi.dll
0x00007ffcf8600000 - 0x00007ffcf8621000 	C:\WINDOWS\SYSTEM32\profapi.dll
0x00007ffcd4fa0000 - 0x00007ffcd4fb9000 	C:\Users\Han\.jdks\corretto-17.0.3\bin\net.dll
0x00007ffcf10b0000 - 0x00007ffcf11df000 	C:\WINDOWS\SYSTEM32\WINHTTP.dll
0x00007ffcf7b40000 - 0x00007ffcf7ba9000 	C:\WINDOWS\system32\mswsock.dll
0x00007ffcd4c90000 - 0x00007ffcd4ca5000 	C:\Users\Han\.jdks\corretto-17.0.3\bin\nio.dll
0x00007ffcd0cb0000 - 0x00007ffcd0cc8000 	C:\Users\Han\.jdks\corretto-17.0.3\bin\zip.dll
0x00007ffcf4c00000 - 0x00007ffcf4c10000 	C:\Users\Han\.jdks\corretto-17.0.3\bin\verify.dll
0x00007ffcf1680000 - 0x00007ffcf168e000 	C:\Users\Han\.jdks\corretto-17.0.3\bin\sunmscapi.dll
0x00007ffcf8700000 - 0x00007ffcf8866000 	C:\WINDOWS\System32\CRYPT32.dll
0x00007ffcf8020000 - 0x00007ffcf804d000 	C:\WINDOWS\SYSTEM32\ncrypt.dll
0x00007ffcf7fe0000 - 0x00007ffcf8017000 	C:\WINDOWS\SYSTEM32\NTASN1.dll
0x00007ffce8050000 - 0x00007ffce8058000 	C:\WINDOWS\system32\wshunix.dll
0x00007ffcf7de0000 - 0x00007ffcf7dfb000 	C:\WINDOWS\SYSTEM32\CRYPTSP.dll
0x00007ffcf7650000 - 0x00007ffcf7685000 	C:\WINDOWS\system32\rsaenh.dll
0x00007ffcf7c80000 - 0x00007ffcf7ca8000 	C:\WINDOWS\SYSTEM32\USERENV.dll
0x00007ffcf80a0000 - 0x00007ffcf80c8000 	C:\WINDOWS\SYSTEM32\bcrypt.dll
0x00007ffcf7e90000 - 0x00007ffcf7e9c000 	C:\WINDOWS\SYSTEM32\CRYPTBASE.dll
0x00007ffcf71b0000 - 0x00007ffcf71dd000 	C:\WINDOWS\SYSTEM32\IPHLPAPI.DLL
0x00007ffcfa080000 - 0x00007ffcfa089000 	C:\WINDOWS\System32\NSI.dll
0x00007ffcf1040000 - 0x00007ffcf1059000 	C:\WINDOWS\SYSTEM32\dhcpcsvc6.DLL
0x00007ffcf1020000 - 0x00007ffcf103f000 	C:\WINDOWS\SYSTEM32\dhcpcsvc.DLL
0x00007ffcf7220000 - 0x00007ffcf7313000 	C:\WINDOWS\SYSTEM32\DNSAPI.dll

dbghelp: loaded successfully - version: 4.0.5 - missing functions: none
symbol engine: initialized successfully - sym options: 0x614 - pdb path: .;C:\Users\Han\.jdks\corretto-17.0.3\bin;C:\WINDOWS\SYSTEM32;C:\WINDOWS\WinSxS\amd64_microsoft.windows.common-controls_6595b64144ccf1df_6.0.22621.608_none_a9444ca7c10bb01d;C:\Users\Han\.jdks\corretto-17.0.3\bin\server

VM Arguments:
jvm_args: -Dorg.gradle.internal.worker.tmpdir=C:\Users\Han\Desktop\programming\Jeju_Project\Team_poject\server\build\tmp\test\work -Dorg.gradle.native=false -Xmx512m -Dfile.encoding=UTF-8 -Duser.country=KR -Duser.language=ko -Duser.variant -ea 
java_command: worker.org.gradle.process.internal.worker.GradleWorkerMain 'Gradle Test Executor 13'
java_class_path (initial): C:\\Users\\Han\\.gradle\\caches\\7.6.1\\workerMain\\gradle-worker.jar;C:\\Users\\Han\\Desktop\\programming\\Jeju_Project\\Team_poject\\server\\build\\classes\\java\\test;C:\\Users\\Han\\Desktop\\programming\\Jeju_Project\\Team_poject\\server\\build\\classes\\java\\main;C:\\Users\\Han\\Desktop\\programming\\Jeju_Project\\Team_poject\\server\\build\\resources\\main;C:\\Users\\Han\\.gradle\\caches\\modules-2\\files-2.1\\org.springframework.boot\\spring-boot-starter-data-jpa\\2.7.10\\cb5e326fa1d1c4dfc276a9620e539a01ddf3d4e\\spring-boot-starter-data-jpa-2.7.10.jar;C:\\Users\\Han\\.gradle\\caches\\modules-2\\files-2.1\\org.springframework.boot\\spring-boot-starter-security\\2.7.10\\ddac298c54e476d4144639d238a70610fbbfa4e7\\spring-boot-starter-security-2.7.10.jar;C:\\Users\\Han\\.gradle\\caches\\modules-2\\files-2.1\\org.springframework.boot\\spring-boot-starter-validation\\2.7.10\\47fa170ac03f88ed4a540628cfb1f85384cccefd\\spring-boot-starter-validation-2.7.10.jar;C:\\Users\\Han\\.gradle\\caches\\modules-2\\files-2.1\\org.springframework.boot\\spring-boot-starter-web\\2.7.10\\aff75a41f298e83ad9542d8f26b12bbe8e105c35\\spring-boot-starter-web-2.7.10.jar;C:\\Users\\Han\\.gradle\\caches\\modules-2\\files-2.1\\com.github.gavlyukovskiy\\p6spy-spring-boot-starter\\1.5.7\\1c1cc817d2ee7cfe8a511bb1b429254d05f7ad03\\p6spy-spring-boot-starter-1.5.7.jar;C:\\Users\\Han\\.gradle\\caches\\modules-2\\files-2.1\\com.h2database\\h2\\2.1.214\\d5c2005c9e3279201e12d4776c948578b16bf8b2\\h2-2.1.214.jar;C:\\Users\\Han\\.gradle\\caches\\modules-2\\files-2.1\\org.springframework.boot\\spring-boot-starter-test\\2.7.10\\d522c60c5d596ebb27b09dfdbb00af3860c5c292\\spring-boot-starter-test-2.7.10.jar;C:\\Users\\Han\\.gradle\\caches\\modules-2\\files-2.1\\org.springframework.security\\spring-security-test\\5.7.7\\f6a85aa77132b8fa53e9d0aaf49c5a253ae48dfa\\spring-security-test-5.7.7.jar;C:\\Users\\Han\\.gradle\\caches\\modules-2\\files-2.1\\org.springframework.boot\\spring-boot-s
Launcher Type: SUN_STANDARD

[Global flags]
     intx CICompilerCount                          = 4                                         {product} {ergonomic}
     uint ConcGCThreads                            = 3                                         {product} {ergonomic}
     uint G1ConcRefinementThreads                  = 10                                        {product} {ergonomic}
   size_t G1HeapRegionSize                         = 1048576                                   {product} {ergonomic}
    uintx GCDrainStackTargetSize                   = 64                                        {product} {ergonomic}
   size_t InitialHeapSize                          = 249561088                                 {product} {ergonomic}
   size_t MarkStackSize                            = 4194304                                   {product} {ergonomic}
   size_t MaxHeapSize                              = 536870912                                 {product} {command line}
   size_t MaxNewSize                               = 321912832                                 {product} {ergonomic}
   size_t MinHeapDeltaBytes                        = 1048576                                   {product} {ergonomic}
   size_t MinHeapSize                              = 8388608                                   {product} {ergonomic}
    uintx NonNMethodCodeHeapSize                   = 5839372                                {pd product} {ergonomic}
    uintx NonProfiledCodeHeapSize                  = 122909434                              {pd product} {ergonomic}
    uintx ProfiledCodeHeapSize                     = 122909434                              {pd product} {ergonomic}
    uintx ReservedCodeCacheSize                    = 251658240                              {pd product} {ergonomic}
     bool SegmentedCodeCache                       = true                                      {product} {ergonomic}
   size_t SoftMaxHeapSize                          = 536870912                              {manageable} {ergonomic}
     bool UseCompressedClassPointers               = true                           {product lp64_product} {ergonomic}
     bool UseCompressedOops                        = true                           {product lp64_product} {ergonomic}
     bool UseG1GC                                  = true                                      {product} {ergonomic}
     bool UseLargePagesIndividualAllocation        = false                                  {pd product} {ergonomic}

Logging:
Log output configuration:
 #0: stdout all=warning uptime,level,tags
 #1: stderr all=off uptime,level,tags

Environment Variables:
JAVA_HOME=C:\Program Files\Zulu\zulu-11
CLASSPATH=C:\Program Files\Zulu\zulu-11\lib
PATH=C:\Program Files\Zulu\zulu-11\bin\;C:\Program Files (x86)\Common Files\Oracle\Java\javapath;C:\WINDOWS\system32;C:\WINDOWS;C:\WINDOWS\System32\Wbem;C:\WINDOWS\System32\WindowsPowerShell\v1.0\;C:\WINDOWS\System32\OpenSSH\;C:\Program Files\MySQL\MySQL Server 8.0\bin;C:\Program Files\Git\cmd;C:\Program Files\Zulu\zulu-11\bin;C:\Users\Han\AppData\Roaming\nvm;C:\Program Files\nodejs;C:\Program Files\Docker\Docker\resources\bin;C:\Program Files\MySQL\MySQL Shell 8.0\bin\;C:\Users\Han\anaconda3;C:\Users\Han\anaconda3\Library\mingw-w64\bin;C:\Users\Han\anaconda3\Library\usr\bin;C:\Users\Han\anaconda3\Library\bin;C:\Users\Han\anaconda3\Scripts;C:\Users\Han\AppData\Local\Programs\Python\Python310\Scripts\;C:\Users\Han\AppData\Local\Programs\Python\Python310\;C:\Users\Han\AppData\Local\Microsoft\WindowsApps;C:\Users\Han\AppData\Local\Programs\Microsoft VS Code\bin;C:\Program Files\JetBrains\IntelliJ IDEA Community Edition 2021.3.3\bin;C:\Users\Han\AppData\Local\JetBrains\Toolbox\scripts;C:\Users\Han\AppData\Roaming\npm;C:\Users\Han\AppData\Roaming\nvm;C:\Program Files\nodejs;C:\Users\Han\AppData\Local\Microsoft\WindowsApps;
USERNAME=Han
OS=Windows_NT
PROCESSOR_IDENTIFIER=AMD64 Family 25 Model 80 Stepping 0, AuthenticAMD



---------------  S Y S T E M  ---------------

OS:
 Windows 11 , 64 bit Build 22621 (10.0.22621.1344)
OS uptime: 4 days 1:10 hours
Hyper-V role detected

CPU: total 12 (initial active 12) (12 cores per cpu, 2 threads per core) family 25 model 80 stepping 0 microcode 0x0, cx8, cmov, fxsr, ht, mmx, 3dnowpref, sse, sse2, sse3, ssse3, sse4a, sse4.1, sse4.2, popcnt, lzcnt, tsc, tscinvbit, avx, avx2, aes, erms, clmul, bmi1, bmi2, adx, sha, fma, vzeroupper, clflush, clflushopt, hv

Memory: 4k page, system-wide physical 15182M (3815M free)
TotalPageFile size 17975M (AvailPageFile size 4M)
current process WorkingSet (physical memory assigned to process): 121M, peak: 121M
current process commit charge ("private bytes"): 376M, peak: 376M

vm_info: OpenJDK 64-Bit Server VM (17.0.3+6-LTS) for windows-amd64 JRE (17.0.3+6-LTS), built on Apr 15 2022 22:16:02 by "Administrator" with MS VC++ 15.9 (VS2017)

END.
